17:15:10:142  WARN 1240 --- [main] c.a.nacos.client.logging.NacosLogging    : Load Logback Configuration of Nacos fail, message: Could not initialize Logback Nacos logging from classpath:nacos-logback.xml
17:15:10:144  INFO 1240 --- [main] com.hotsharp.search.SearchApplication    : The following 2 profiles are active: "common", "dev"
17:15:10:810  INFO 1240 --- [main] .s.d.r.c.RepositoryConfigurationDelegate : Multiple Spring Data modules found, entering strict repository configuration mode
17:15:10:813  INFO 1240 --- [main] .s.d.r.c.RepositoryConfigurationDelegate : Bootstrapping Spring Data Redis repositories in DEFAULT mode.
17:15:10:829  INFO 1240 --- [main] .s.d.r.c.RepositoryConfigurationDelegate : Finished Spring Data repository scanning in 7 ms. Found 0 Redis repository interfaces.
17:15:10:972  WARN 1240 --- [main] o.m.s.mapper.ClassPathMapperScanner      : No MyBatis mapper was found in '[com.hotsharp.search]' package. Please check your configuration.
17:15:11:053  INFO 1240 --- [main] o.s.cloud.context.scope.GenericScope     : BeanFactory id=a071f083-c364-3c9d-881c-74440de18199
17:15:11:435  INFO 1240 --- [main] o.s.b.w.embedded.tomcat.TomcatWebServer  : Tomcat initialized with port(s): 40007 (http)
17:15:11:438  INFO 1240 --- [main] o.a.catalina.core.AprLifecycleListener   : An older version [1.2.35] of the Apache Tomcat Native library is installed, while Tomcat recommends a minimum version of [2.0.5]
17:15:11:438  INFO 1240 --- [main] o.a.catalina.core.AprLifecycleListener   : Loaded Apache Tomcat Native library [1.2.35] using APR version [1.7.0].
17:15:11:440  INFO 1240 --- [main] o.a.catalina.core.AprLifecycleListener   : OpenSSL successfully initialized [OpenSSL 1.1.1q  5 Jul 2022]
17:15:11:449  INFO 1240 --- [main] o.apache.catalina.core.StandardService   : Starting service [Tomcat]
17:15:11:449  INFO 1240 --- [main] o.apache.catalina.core.StandardEngine    : Starting Servlet engine: [Apache Tomcat/10.1.13]
17:15:11:536  INFO 1240 --- [main] o.a.c.c.C.[Tomcat].[localhost].[/]       : Initializing Spring embedded WebApplicationContext
17:15:11:537  INFO 1240 --- [main] w.s.c.ServletWebServerApplicationContext : Root WebApplicationContext: initialization completed in 1374 ms
17:15:12:069  INFO 1240 --- [main] o.s.c.openfeign.FeignClientFactoryBean   : For 'video-service' URL not provided. Will try picking an instance via load-balancing.
17:15:12:113  INFO 1240 --- [main] o.s.c.openfeign.FeignClientFactoryBean   : For 'user-service' URL not provided. Will try picking an instance via load-balancing.
17:15:12:117  WARN 1240 --- [main] ConfigServletWebServerApplicationContext : Exception encountered during context initialization - cancelling refresh attempt: org.springframework.beans.factory.BeanCreationException: Error creating bean with name 'eventListenerService': Injection of autowired dependencies failed
17:15:12:121  INFO 1240 --- [main] o.apache.catalina.core.StandardService   : Stopping service [Tomcat]
17:15:12:137  INFO 1240 --- [main] .s.b.a.l.ConditionEvaluationReportLogger : 

Error starting ApplicationContext. To display the condition evaluation report re-run your application with 'debug' enabled.
17:15:12:151 ERROR 1240 --- [main] o.s.boot.SpringApplication               : Application run failed

org.springframework.beans.factory.BeanCreationException: Error creating bean with name 'eventListenerService': Injection of autowired dependencies failed
	at org.springframework.beans.factory.annotation.AutowiredAnnotationBeanPostProcessor.postProcessProperties(AutowiredAnnotationBeanPostProcessor.java:498) ~[spring-beans-6.0.12.jar:6.0.12]
	at org.springframework.beans.factory.support.AbstractAutowireCapableBeanFactory.populateBean(AbstractAutowireCapableBeanFactory.java:1416) ~[spring-beans-6.0.12.jar:6.0.12]
	at org.springframework.beans.factory.support.AbstractAutowireCapableBeanFactory.doCreateBean(AbstractAutowireCapableBeanFactory.java:597) ~[spring-beans-6.0.12.jar:6.0.12]
	at org.springframework.beans.factory.support.AbstractAutowireCapableBeanFactory.createBean(AbstractAutowireCapableBeanFactory.java:520) ~[spring-beans-6.0.12.jar:6.0.12]
	at org.springframework.beans.factory.support.AbstractBeanFactory.lambda$doGetBean$0(AbstractBeanFactory.java:325) ~[spring-beans-6.0.12.jar:6.0.12]
	at org.springframework.beans.factory.support.DefaultSingletonBeanRegistry.getSingleton(DefaultSingletonBeanRegistry.java:234) ~[spring-beans-6.0.12.jar:6.0.12]
	at org.springframework.beans.factory.support.AbstractBeanFactory.doGetBean(AbstractBeanFactory.java:323) ~[spring-beans-6.0.12.jar:6.0.12]
	at org.springframework.beans.factory.support.AbstractBeanFactory.getBean(AbstractBeanFactory.java:199) ~[spring-beans-6.0.12.jar:6.0.12]
	at org.springframework.beans.factory.support.DefaultListableBeanFactory.preInstantiateSingletons(DefaultListableBeanFactory.java:973) ~[spring-beans-6.0.12.jar:6.0.12]
	at org.springframework.context.support.AbstractApplicationContext.finishBeanFactoryInitialization(AbstractApplicationContext.java:942) ~[spring-context-6.0.12.jar:6.0.12]
	at org.springframework.context.support.AbstractApplicationContext.refresh(AbstractApplicationContext.java:608) ~[spring-context-6.0.12.jar:6.0.12]
	at org.springframework.boot.web.servlet.context.ServletWebServerApplicationContext.refresh(ServletWebServerApplicationContext.java:146) ~[spring-boot-3.1.4.jar:3.1.4]
	at org.springframework.boot.SpringApplication.refresh(SpringApplication.java:737) ~[spring-boot-3.1.4.jar:3.1.4]
	at org.springframework.boot.SpringApplication.refreshContext(SpringApplication.java:439) ~[spring-boot-3.1.4.jar:3.1.4]
	at org.springframework.boot.SpringApplication.run(SpringApplication.java:315) ~[spring-boot-3.1.4.jar:3.1.4]
	at org.springframework.boot.SpringApplication.run(SpringApplication.java:1309) ~[spring-boot-3.1.4.jar:3.1.4]
	at org.springframework.boot.SpringApplication.run(SpringApplication.java:1298) ~[spring-boot-3.1.4.jar:3.1.4]
	at com.hotsharp.search.SearchApplication.main(SearchApplication.java:14) ~[classes/:na]
Caused by: java.lang.IllegalArgumentException: Could not resolve placeholder 'directory.chunk' in value "${directory.chunk}"
	at org.springframework.util.PropertyPlaceholderHelper.parseStringValue(PropertyPlaceholderHelper.java:180) ~[spring-core-6.0.12.jar:6.0.12]
	at org.springframework.util.PropertyPlaceholderHelper.replacePlaceholders(PropertyPlaceholderHelper.java:126) ~[spring-core-6.0.12.jar:6.0.12]
	at org.springframework.core.env.AbstractPropertyResolver.doResolvePlaceholders(AbstractPropertyResolver.java:239) ~[spring-core-6.0.12.jar:6.0.12]
	at org.springframework.core.env.AbstractPropertyResolver.resolveRequiredPlaceholders(AbstractPropertyResolver.java:210) ~[spring-core-6.0.12.jar:6.0.12]
	at org.springframework.context.support.PropertySourcesPlaceholderConfigurer.lambda$processProperties$0(PropertySourcesPlaceholderConfigurer.java:200) ~[spring-context-6.0.12.jar:6.0.12]
	at org.springframework.beans.factory.support.AbstractBeanFactory.resolveEmbeddedValue(AbstractBeanFactory.java:918) ~[spring-beans-6.0.12.jar:6.0.12]
	at org.springframework.beans.factory.support.DefaultListableBeanFactory.doResolveDependency(DefaultListableBeanFactory.java:1358) ~[spring-beans-6.0.12.jar:6.0.12]
	at org.springframework.beans.factory.support.DefaultListableBeanFactory.resolveDependency(DefaultListableBeanFactory.java:1337) ~[spring-beans-6.0.12.jar:6.0.12]
	at org.springframework.beans.factory.annotation.AutowiredAnnotationBeanPostProcessor$AutowiredFieldElement.resolveFieldValue(AutowiredAnnotationBeanPostProcessor.java:764) ~[spring-beans-6.0.12.jar:6.0.12]
	at org.springframework.beans.factory.annotation.AutowiredAnnotationBeanPostProcessor$AutowiredFieldElement.inject(AutowiredAnnotationBeanPostProcessor.java:747) ~[spring-beans-6.0.12.jar:6.0.12]
	at org.springframework.beans.factory.annotation.InjectionMetadata.inject(InjectionMetadata.java:145) ~[spring-beans-6.0.12.jar:6.0.12]
	at org.springframework.beans.factory.annotation.AutowiredAnnotationBeanPostProcessor.postProcessProperties(AutowiredAnnotationBeanPostProcessor.java:492) ~[spring-beans-6.0.12.jar:6.0.12]
	... 17 common frames omitted

17:15:12:155  WARN 1240 --- [Thread-7] c.a.nacos.common.notify.NotifyCenter     : [NotifyCenter] Start destroying Publisher
17:15:12:155  WARN 1240 --- [Thread-1] c.a.n.common.http.HttpClientBeanHolder   : [HttpClientBeanHolder] Start destroying common HttpClient
17:15:12:155  WARN 1240 --- [Thread-7] c.a.nacos.common.notify.NotifyCenter     : [NotifyCenter] Destruction of the end
17:15:12:156  WARN 1240 --- [Thread-1] c.a.n.common.http.HttpClientBeanHolder   : [HttpClientBeanHolder] Destruction of the end
20:06:27:785  WARN 24652 --- [main] c.a.nacos.client.logging.NacosLogging    : Load Logback Configuration of Nacos fail, message: Could not initialize Logback Nacos logging from classpath:nacos-logback.xml
20:06:27:797  INFO 24652 --- [main] com.hotsharp.search.SearchApplication    : The following 2 profiles are active: "common", "dev"
20:06:28:344  INFO 24652 --- [main] .s.d.r.c.RepositoryConfigurationDelegate : Multiple Spring Data modules found, entering strict repository configuration mode
20:06:28:347  INFO 24652 --- [main] .s.d.r.c.RepositoryConfigurationDelegate : Bootstrapping Spring Data Redis repositories in DEFAULT mode.
20:06:28:365  INFO 24652 --- [main] .s.d.r.c.RepositoryConfigurationDelegate : Finished Spring Data repository scanning in 6 ms. Found 0 Redis repository interfaces.
20:06:28:487  WARN 24652 --- [main] o.m.s.mapper.ClassPathMapperScanner      : No MyBatis mapper was found in '[com.hotsharp.search]' package. Please check your configuration.
20:06:28:555  INFO 24652 --- [main] o.s.cloud.context.scope.GenericScope     : BeanFactory id=a071f083-c364-3c9d-881c-74440de18199
20:06:28:927  INFO 24652 --- [main] o.s.b.w.embedded.tomcat.TomcatWebServer  : Tomcat initialized with port(s): 40007 (http)
20:06:28:928  INFO 24652 --- [main] o.a.catalina.core.AprLifecycleListener   : An older version [1.2.35] of the Apache Tomcat Native library is installed, while Tomcat recommends a minimum version of [2.0.5]
20:06:28:929  INFO 24652 --- [main] o.a.catalina.core.AprLifecycleListener   : Loaded Apache Tomcat Native library [1.2.35] using APR version [1.7.0].
20:06:28:949  INFO 24652 --- [main] o.a.catalina.core.AprLifecycleListener   : OpenSSL successfully initialized [OpenSSL 1.1.1q  5 Jul 2022]
20:06:28:958  INFO 24652 --- [main] o.apache.catalina.core.StandardService   : Starting service [Tomcat]
20:06:28:958  INFO 24652 --- [main] o.apache.catalina.core.StandardEngine    : Starting Servlet engine: [Apache Tomcat/10.1.13]
20:06:29:025  INFO 24652 --- [main] o.a.c.c.C.[Tomcat].[localhost].[/]       : Initializing Spring embedded WebApplicationContext
20:06:29:025  INFO 24652 --- [main] w.s.c.ServletWebServerApplicationContext : Root WebApplicationContext: initialization completed in 1216 ms
20:06:29:531  INFO 24652 --- [main] o.s.c.openfeign.FeignClientFactoryBean   : For 'video-service' URL not provided. Will try picking an instance via load-balancing.
20:06:29:567  INFO 24652 --- [main] o.s.c.openfeign.FeignClientFactoryBean   : For 'user-service' URL not provided. Will try picking an instance via load-balancing.
20:06:29:571  WARN 24652 --- [main] ConfigServletWebServerApplicationContext : Exception encountered during context initialization - cancelling refresh attempt: org.springframework.beans.factory.BeanCreationException: Error creating bean with name 'eventListenerService': Injection of autowired dependencies failed
20:06:29:574  INFO 24652 --- [main] o.apache.catalina.core.StandardService   : Stopping service [Tomcat]
20:06:29:588  INFO 24652 --- [main] .s.b.a.l.ConditionEvaluationReportLogger : 

Error starting ApplicationContext. To display the condition evaluation report re-run your application with 'debug' enabled.
20:06:29:602 ERROR 24652 --- [main] o.s.boot.SpringApplication               : Application run failed

org.springframework.beans.factory.BeanCreationException: Error creating bean with name 'eventListenerService': Injection of autowired dependencies failed
	at org.springframework.beans.factory.annotation.AutowiredAnnotationBeanPostProcessor.postProcessProperties(AutowiredAnnotationBeanPostProcessor.java:498) ~[spring-beans-6.0.12.jar:6.0.12]
	at org.springframework.beans.factory.support.AbstractAutowireCapableBeanFactory.populateBean(AbstractAutowireCapableBeanFactory.java:1416) ~[spring-beans-6.0.12.jar:6.0.12]
	at org.springframework.beans.factory.support.AbstractAutowireCapableBeanFactory.doCreateBean(AbstractAutowireCapableBeanFactory.java:597) ~[spring-beans-6.0.12.jar:6.0.12]
	at org.springframework.beans.factory.support.AbstractAutowireCapableBeanFactory.createBean(AbstractAutowireCapableBeanFactory.java:520) ~[spring-beans-6.0.12.jar:6.0.12]
	at org.springframework.beans.factory.support.AbstractBeanFactory.lambda$doGetBean$0(AbstractBeanFactory.java:325) ~[spring-beans-6.0.12.jar:6.0.12]
	at org.springframework.beans.factory.support.DefaultSingletonBeanRegistry.getSingleton(DefaultSingletonBeanRegistry.java:234) ~[spring-beans-6.0.12.jar:6.0.12]
	at org.springframework.beans.factory.support.AbstractBeanFactory.doGetBean(AbstractBeanFactory.java:323) ~[spring-beans-6.0.12.jar:6.0.12]
	at org.springframework.beans.factory.support.AbstractBeanFactory.getBean(AbstractBeanFactory.java:199) ~[spring-beans-6.0.12.jar:6.0.12]
	at org.springframework.beans.factory.support.DefaultListableBeanFactory.preInstantiateSingletons(DefaultListableBeanFactory.java:973) ~[spring-beans-6.0.12.jar:6.0.12]
	at org.springframework.context.support.AbstractApplicationContext.finishBeanFactoryInitialization(AbstractApplicationContext.java:942) ~[spring-context-6.0.12.jar:6.0.12]
	at org.springframework.context.support.AbstractApplicationContext.refresh(AbstractApplicationContext.java:608) ~[spring-context-6.0.12.jar:6.0.12]
	at org.springframework.boot.web.servlet.context.ServletWebServerApplicationContext.refresh(ServletWebServerApplicationContext.java:146) ~[spring-boot-3.1.4.jar:3.1.4]
	at org.springframework.boot.SpringApplication.refresh(SpringApplication.java:737) ~[spring-boot-3.1.4.jar:3.1.4]
	at org.springframework.boot.SpringApplication.refreshContext(SpringApplication.java:439) ~[spring-boot-3.1.4.jar:3.1.4]
	at org.springframework.boot.SpringApplication.run(SpringApplication.java:315) ~[spring-boot-3.1.4.jar:3.1.4]
	at org.springframework.boot.SpringApplication.run(SpringApplication.java:1309) ~[spring-boot-3.1.4.jar:3.1.4]
	at org.springframework.boot.SpringApplication.run(SpringApplication.java:1298) ~[spring-boot-3.1.4.jar:3.1.4]
	at com.hotsharp.search.SearchApplication.main(SearchApplication.java:14) ~[classes/:na]
Caused by: java.lang.IllegalArgumentException: Could not resolve placeholder 'directory.chunk' in value "${directory.chunk}"
	at org.springframework.util.PropertyPlaceholderHelper.parseStringValue(PropertyPlaceholderHelper.java:180) ~[spring-core-6.0.12.jar:6.0.12]
	at org.springframework.util.PropertyPlaceholderHelper.replacePlaceholders(PropertyPlaceholderHelper.java:126) ~[spring-core-6.0.12.jar:6.0.12]
	at org.springframework.core.env.AbstractPropertyResolver.doResolvePlaceholders(AbstractPropertyResolver.java:239) ~[spring-core-6.0.12.jar:6.0.12]
	at org.springframework.core.env.AbstractPropertyResolver.resolveRequiredPlaceholders(AbstractPropertyResolver.java:210) ~[spring-core-6.0.12.jar:6.0.12]
	at org.springframework.context.support.PropertySourcesPlaceholderConfigurer.lambda$processProperties$0(PropertySourcesPlaceholderConfigurer.java:200) ~[spring-context-6.0.12.jar:6.0.12]
	at org.springframework.beans.factory.support.AbstractBeanFactory.resolveEmbeddedValue(AbstractBeanFactory.java:918) ~[spring-beans-6.0.12.jar:6.0.12]
	at org.springframework.beans.factory.support.DefaultListableBeanFactory.doResolveDependency(DefaultListableBeanFactory.java:1358) ~[spring-beans-6.0.12.jar:6.0.12]
	at org.springframework.beans.factory.support.DefaultListableBeanFactory.resolveDependency(DefaultListableBeanFactory.java:1337) ~[spring-beans-6.0.12.jar:6.0.12]
	at org.springframework.beans.factory.annotation.AutowiredAnnotationBeanPostProcessor$AutowiredFieldElement.resolveFieldValue(AutowiredAnnotationBeanPostProcessor.java:764) ~[spring-beans-6.0.12.jar:6.0.12]
	at org.springframework.beans.factory.annotation.AutowiredAnnotationBeanPostProcessor$AutowiredFieldElement.inject(AutowiredAnnotationBeanPostProcessor.java:747) ~[spring-beans-6.0.12.jar:6.0.12]
	at org.springframework.beans.factory.annotation.InjectionMetadata.inject(InjectionMetadata.java:145) ~[spring-beans-6.0.12.jar:6.0.12]
	at org.springframework.beans.factory.annotation.AutowiredAnnotationBeanPostProcessor.postProcessProperties(AutowiredAnnotationBeanPostProcessor.java:492) ~[spring-beans-6.0.12.jar:6.0.12]
	... 17 common frames omitted

20:06:29:606  WARN 24652 --- [Thread-1] c.a.n.common.http.HttpClientBeanHolder   : [HttpClientBeanHolder] Start destroying common HttpClient
20:06:29:606  WARN 24652 --- [Thread-7] c.a.nacos.common.notify.NotifyCenter     : [NotifyCenter] Start destroying Publisher
20:06:29:606  WARN 24652 --- [Thread-7] c.a.nacos.common.notify.NotifyCenter     : [NotifyCenter] Destruction of the end
20:11:27:443  WARN 9728 --- [main] c.a.nacos.client.logging.NacosLogging    : Load Logback Configuration of Nacos fail, message: Could not initialize Logback Nacos logging from classpath:nacos-logback.xml
20:11:27:463  INFO 9728 --- [main] com.hotsharp.search.SearchApplication    : The following 2 profiles are active: "common", "dev"
20:11:27:956  INFO 9728 --- [main] .s.d.r.c.RepositoryConfigurationDelegate : Multiple Spring Data modules found, entering strict repository configuration mode
20:11:27:957  INFO 9728 --- [main] .s.d.r.c.RepositoryConfigurationDelegate : Bootstrapping Spring Data Redis repositories in DEFAULT mode.
20:11:27:972  INFO 9728 --- [main] .s.d.r.c.RepositoryConfigurationDelegate : Finished Spring Data repository scanning in 4 ms. Found 0 Redis repository interfaces.
20:11:28:071  WARN 9728 --- [main] o.m.s.mapper.ClassPathMapperScanner      : No MyBatis mapper was found in '[com.hotsharp.search]' package. Please check your configuration.
20:11:28:130  INFO 9728 --- [main] o.s.cloud.context.scope.GenericScope     : BeanFactory id=a071f083-c364-3c9d-881c-74440de18199
20:11:28:442  INFO 9728 --- [main] o.s.b.w.embedded.tomcat.TomcatWebServer  : Tomcat initialized with port(s): 40007 (http)
20:11:28:443  INFO 9728 --- [main] o.a.catalina.core.AprLifecycleListener   : An older version [1.2.35] of the Apache Tomcat Native library is installed, while Tomcat recommends a minimum version of [2.0.5]
20:11:28:444  INFO 9728 --- [main] o.a.catalina.core.AprLifecycleListener   : Loaded Apache Tomcat Native library [1.2.35] using APR version [1.7.0].
20:11:28:446  INFO 9728 --- [main] o.a.catalina.core.AprLifecycleListener   : OpenSSL successfully initialized [OpenSSL 1.1.1q  5 Jul 2022]
20:11:28:453  INFO 9728 --- [main] o.apache.catalina.core.StandardService   : Starting service [Tomcat]
20:11:28:453  INFO 9728 --- [main] o.apache.catalina.core.StandardEngine    : Starting Servlet engine: [Apache Tomcat/10.1.13]
20:11:28:524  INFO 9728 --- [main] o.a.c.c.C.[Tomcat].[localhost].[/]       : Initializing Spring embedded WebApplicationContext
20:11:28:524  INFO 9728 --- [main] w.s.c.ServletWebServerApplicationContext : Root WebApplicationContext: initialization completed in 1049 ms
20:11:28:932  INFO 9728 --- [main] o.s.c.openfeign.FeignClientFactoryBean   : For 'video-service' URL not provided. Will try picking an instance via load-balancing.
20:11:28:968  INFO 9728 --- [main] o.s.c.openfeign.FeignClientFactoryBean   : For 'user-service' URL not provided. Will try picking an instance via load-balancing.
20:11:28:983  INFO 9728 --- [main] o.s.c.openfeign.FeignClientFactoryBean   : For 'message-service' URL not provided. Will try picking an instance via load-balancing.
20:11:30:500  INFO 9728 --- [main] o.s.b.w.embedded.tomcat.TomcatWebServer  : Tomcat started on port(s): 40007 (http) with context path ''
20:11:30:503  INFO 9728 --- [main] com.alibaba.nacos.client.naming          : initializer namespace from ans.namespace attribute : null
20:11:30:504  INFO 9728 --- [main] com.alibaba.nacos.client.naming          : initializer namespace from ALIBABA_ALIWARE_NAMESPACE attribute :null
20:11:30:504  INFO 9728 --- [main] com.alibaba.nacos.client.naming          : initializer namespace from namespace attribute :null
20:11:30:510  INFO 9728 --- [main] c.a.n.p.a.s.c.ClientAuthPluginManager    : [ClientAuthPluginManager] Load ClientAuthService com.alibaba.nacos.client.auth.impl.NacosClientAuthServiceImpl success.
20:11:30:510  INFO 9728 --- [main] c.a.n.p.a.s.c.ClientAuthPluginManager    : [ClientAuthPluginManager] Load ClientAuthService com.alibaba.nacos.client.auth.ram.RamClientAuthServiceImpl success.
20:11:30:513  INFO 9728 --- [main] com.alibaba.nacos.common.remote.client   : [RpcClientFactory] create a new rpc client of 55e72112-c269-4a7b-9054-e3d84899e5cf
20:11:30:514  INFO 9728 --- [main] com.alibaba.nacos.common.remote.client   : [55e72112-c269-4a7b-9054-e3d84899e5cf] RpcClient init, ServerListFactory = com.alibaba.nacos.client.naming.core.ServerListManager
20:11:30:514  INFO 9728 --- [main] com.alibaba.nacos.common.remote.client   : [55e72112-c269-4a7b-9054-e3d84899e5cf] Registry connection listener to current client:com.alibaba.nacos.client.naming.remote.gprc.redo.NamingGrpcRedoService
20:11:30:515  INFO 9728 --- [main] com.alibaba.nacos.common.remote.client   : [55e72112-c269-4a7b-9054-e3d84899e5cf] Register server push request handler:com.alibaba.nacos.client.naming.remote.gprc.NamingPushRequestHandler
20:11:30:515  INFO 9728 --- [main] com.alibaba.nacos.common.remote.client   : [55e72112-c269-4a7b-9054-e3d84899e5cf] Try to connect to server on start up, server: {serverIp = '49.235.47.8', server main port = 8848}
20:11:30:515  INFO 9728 --- [main] c.a.n.c.remote.client.grpc.GrpcClient    : grpc client connection server:49.235.47.8 ip,serverPort:9848,grpcTslConfig:{"sslProvider":"OPENSSL","enableTls":false,"mutualAuthEnable":false,"trustAll":false}
20:11:30:739  INFO 9728 --- [main] com.alibaba.nacos.common.remote.client   : [55e72112-c269-4a7b-9054-e3d84899e5cf] Success to connect to server [49.235.47.8:8848] on start up, connectionId = 1733919090329_222.20.193.136_5205
20:11:30:739  INFO 9728 --- [main] com.alibaba.nacos.common.remote.client   : [55e72112-c269-4a7b-9054-e3d84899e5cf] Register server push request handler:com.alibaba.nacos.common.remote.client.RpcClient$ConnectResetRequestHandler
20:11:30:739  INFO 9728 --- [main] com.alibaba.nacos.common.remote.client   : [55e72112-c269-4a7b-9054-e3d84899e5cf] Register server push request handler:com.alibaba.nacos.common.remote.client.RpcClient$$Lambda$531/0x000002798144bd18
20:11:30:739  INFO 9728 --- [com.alibaba.nacos.client.remote.worker] com.alibaba.nacos.common.remote.client   : [55e72112-c269-4a7b-9054-e3d84899e5cf] Notify connected event to listeners.
20:11:30:739  INFO 9728 --- [com.alibaba.nacos.client.remote.worker] com.alibaba.nacos.client.naming          : Grpc connection connect
20:11:30:740  INFO 9728 --- [main] com.alibaba.nacos.client.naming          : [REGISTER-SERVICE] b62f0c48-d9bd-4496-aaf4-4f380dfbe1ee registering service search-service with instance Instance{instanceId='null', ip='10.128.130.126', port=40007, weight=1.0, healthy=true, enabled=true, ephemeral=true, clusterName='DEFAULT', serviceName='null', metadata={IPv6=[2001:250:4001:5012:8b1c:3458:cb7a:4f57], preserved.register.source=SPRING_CLOUD}}
20:11:30:784  INFO 9728 --- [main] c.a.c.n.registry.NacosServiceRegistry    : nacos registry, DEFAULT_GROUP search-service 10.128.130.126:40007 register finished
20:11:31:086  INFO 9728 --- [main] com.hotsharp.search.SearchApplication    : Started SearchApplication in 6.34 seconds (process running for 6.782)
20:11:31:089  INFO 9728 --- [main] c.a.nacos.client.config.impl.CacheData   : nacos.cache.data.init.snapshot = true 
20:11:31:089  INFO 9728 --- [main] c.a.n.client.config.impl.ClientWorker    : [fixed-49.235.47.8_8848] [subscribe] search-service+DEFAULT_GROUP
20:11:31:095  INFO 9728 --- [main] c.a.nacos.client.config.impl.CacheData   : [fixed-49.235.47.8_8848] [add-listener] ok, tenant=, dataId=search-service, group=DEFAULT_GROUP, cnt=1
20:11:31:115  INFO 9728 --- [main] c.a.c.n.refresh.NacosContextRefresher    : [Nacos Config] Listening config: dataId=search-service, group=DEFAULT_GROUP
20:11:31:115  INFO 9728 --- [main] c.a.n.client.config.impl.ClientWorker    : [fixed-49.235.47.8_8848] [subscribe] search-service-common.yaml+DEFAULT_GROUP
20:11:31:115  INFO 9728 --- [main] c.a.nacos.client.config.impl.CacheData   : [fixed-49.235.47.8_8848] [add-listener] ok, tenant=, dataId=search-service-common.yaml, group=DEFAULT_GROUP, cnt=1
20:11:31:115  INFO 9728 --- [main] c.a.c.n.refresh.NacosContextRefresher    : [Nacos Config] Listening config: dataId=search-service-common.yaml, group=DEFAULT_GROUP
20:11:31:115  INFO 9728 --- [main] c.a.n.client.config.impl.ClientWorker    : [fixed-49.235.47.8_8848] [subscribe] search-service.yaml+DEFAULT_GROUP
20:11:31:115  INFO 9728 --- [main] c.a.nacos.client.config.impl.CacheData   : [fixed-49.235.47.8_8848] [add-listener] ok, tenant=, dataId=search-service.yaml, group=DEFAULT_GROUP, cnt=1
20:11:31:115  INFO 9728 --- [main] c.a.c.n.refresh.NacosContextRefresher    : [Nacos Config] Listening config: dataId=search-service.yaml, group=DEFAULT_GROUP
20:11:31:115  INFO 9728 --- [main] c.a.n.client.config.impl.ClientWorker    : [fixed-49.235.47.8_8848] [subscribe] search-service-dev.yaml+DEFAULT_GROUP
20:11:31:115  INFO 9728 --- [main] c.a.nacos.client.config.impl.CacheData   : [fixed-49.235.47.8_8848] [add-listener] ok, tenant=, dataId=search-service-dev.yaml, group=DEFAULT_GROUP, cnt=1
20:11:31:116  INFO 9728 --- [main] c.a.c.n.refresh.NacosContextRefresher    : [Nacos Config] Listening config: dataId=search-service-dev.yaml, group=DEFAULT_GROUP
20:11:57:314  INFO 9728 --- [http-nio-40007-exec-1] o.a.c.c.C.[Tomcat].[localhost].[/]       : Initializing Spring DispatcherServlet 'dispatcherServlet'
20:11:57:314  INFO 9728 --- [http-nio-40007-exec-1] o.s.web.servlet.DispatcherServlet        : Initializing Servlet 'dispatcherServlet'
20:11:57:315  INFO 9728 --- [http-nio-40007-exec-1] o.s.web.servlet.DispatcherServlet        : Completed initialization in 1 ms
20:11:57:939  INFO 9728 --- [http-nio-40007-exec-4] o.springdoc.api.AbstractOpenApiResource  : Init duration for springdoc-openapi is: 161 ms
20:14:28:429  WARN 9728 --- [Thread-1] c.a.n.common.http.HttpClientBeanHolder   : [HttpClientBeanHolder] Start destroying common HttpClient
20:14:28:429  WARN 9728 --- [Thread-7] c.a.nacos.common.notify.NotifyCenter     : [NotifyCenter] Start destroying Publisher
20:14:28:429  WARN 9728 --- [Thread-7] c.a.nacos.common.notify.NotifyCenter     : [NotifyCenter] Destruction of the end
20:14:28:430  WARN 9728 --- [Thread-1] c.a.n.common.http.HttpClientBeanHolder   : [HttpClientBeanHolder] Destruction of the end
20:14:28:461  INFO 9728 --- [SpringApplicationShutdownHook] c.a.c.n.registry.NacosServiceRegistry    : De-registering from Nacos Server now...
20:14:28:461  INFO 9728 --- [SpringApplicationShutdownHook] com.alibaba.nacos.client.naming          : [DEREGISTER-SERVICE] b62f0c48-d9bd-4496-aaf4-4f380dfbe1ee deregistering service search-service with instance: Instance{instanceId='null', ip='10.128.130.126', port=40007, weight=1.0, healthy=true, enabled=true, ephemeral=true, clusterName='DEFAULT', serviceName='null', metadata={}}
20:14:28:500  INFO 9728 --- [SpringApplicationShutdownHook] c.a.c.n.registry.NacosServiceRegistry    : De-registration finished.
20:14:28:501  INFO 9728 --- [SpringApplicationShutdownHook] com.alibaba.nacos.client.naming          : com.alibaba.nacos.client.naming.cache.ServiceInfoHolder do shutdown begin
20:14:28:501  INFO 9728 --- [SpringApplicationShutdownHook] com.alibaba.nacos.client.naming          : com.alibaba.nacos.client.naming.backups.FailoverReactor do shutdown begin
20:14:28:502  INFO 9728 --- [SpringApplicationShutdownHook] com.alibaba.nacos.client.naming          : com.alibaba.nacos.client.naming.backups.FailoverReactor do shutdown stop
20:14:28:502  INFO 9728 --- [SpringApplicationShutdownHook] com.alibaba.nacos.client.naming          : com.alibaba.nacos.client.naming.cache.ServiceInfoHolder do shutdown stop
20:14:28:502  INFO 9728 --- [SpringApplicationShutdownHook] com.alibaba.nacos.client.naming          : com.alibaba.nacos.client.naming.remote.NamingClientProxyDelegate do shutdown begin
20:14:28:502  INFO 9728 --- [SpringApplicationShutdownHook] com.alibaba.nacos.client.naming          : com.alibaba.nacos.client.naming.core.ServiceInfoUpdateService do shutdown begin
20:14:28:502  INFO 9728 --- [SpringApplicationShutdownHook] com.alibaba.nacos.client.naming          : com.alibaba.nacos.client.naming.core.ServiceInfoUpdateService do shutdown stop
20:14:28:502  INFO 9728 --- [SpringApplicationShutdownHook] com.alibaba.nacos.client.naming          : com.alibaba.nacos.client.naming.core.ServerListManager do shutdown begin
20:14:28:502  WARN 9728 --- [SpringApplicationShutdownHook] com.alibaba.nacos.client.naming          : [NamingHttpClientManager] Start destroying NacosRestTemplate
20:14:28:502  WARN 9728 --- [SpringApplicationShutdownHook] com.alibaba.nacos.client.naming          : [NamingHttpClientManager] Destruction of the end
20:14:28:502  INFO 9728 --- [SpringApplicationShutdownHook] com.alibaba.nacos.client.naming          : com.alibaba.nacos.client.naming.core.ServerListManager do shutdown stop
20:14:28:502  INFO 9728 --- [SpringApplicationShutdownHook] com.alibaba.nacos.client.naming          : com.alibaba.nacos.client.naming.remote.http.NamingHttpClientProxy do shutdown begin
20:14:28:502  WARN 9728 --- [SpringApplicationShutdownHook] com.alibaba.nacos.client.naming          : [NamingHttpClientManager] Start destroying NacosRestTemplate
20:14:28:502  WARN 9728 --- [SpringApplicationShutdownHook] com.alibaba.nacos.client.naming          : [NamingHttpClientManager] Destruction of the end
20:14:28:502  INFO 9728 --- [SpringApplicationShutdownHook] com.alibaba.nacos.client.naming          : com.alibaba.nacos.client.naming.remote.http.NamingHttpClientProxy do shutdown stop
20:14:28:502  INFO 9728 --- [SpringApplicationShutdownHook] com.alibaba.nacos.common.remote.client   : Shutdown rpc client, set status to shutdown
20:14:28:503  INFO 9728 --- [SpringApplicationShutdownHook] com.alibaba.nacos.common.remote.client   : Shutdown client event executor java.util.concurrent.ScheduledThreadPoolExecutor@4ad5f7f2[Running, pool size = 2, active threads = 2, queued tasks = 0, completed tasks = 0]
20:14:28:503  INFO 9728 --- [SpringApplicationShutdownHook] com.alibaba.nacos.common.remote.client   : Close current connection 1733919090329_222.20.193.136_5205
20:14:28:508  WARN 9728 --- [nacos-grpc-client-executor-49.235.47.8-49] c.a.n.c.remote.client.grpc.GrpcClient    : [1733919090329_222.20.193.136_5205]Ignore error event,isRunning:false,isAbandon=false
20:14:28:509  INFO 9728 --- [SpringApplicationShutdownHook] c.a.n.c.remote.client.grpc.GrpcClient    : Shutdown grpc executor java.util.concurrent.ThreadPoolExecutor@317af431[Running, pool size = 4, active threads = 0, queued tasks = 0, completed tasks = 50]
20:14:28:510  INFO 9728 --- [SpringApplicationShutdownHook] com.alibaba.nacos.client.naming          : Shutdown grpc redo service executor java.util.concurrent.ScheduledThreadPoolExecutor@1b5255d2[Running, pool size = 1, active threads = 0, queued tasks = 1, completed tasks = 59]
20:14:28:510  INFO 9728 --- [SpringApplicationShutdownHook] c.a.n.c.a.r.identify.CredentialWatcher   : [null] CredentialWatcher is stopped
20:14:28:510  INFO 9728 --- [SpringApplicationShutdownHook] c.a.n.c.a.r.identify.CredentialService   : [null] CredentialService is freed
20:14:28:510  INFO 9728 --- [SpringApplicationShutdownHook] com.alibaba.nacos.client.naming          : com.alibaba.nacos.client.naming.remote.NamingClientProxyDelegate do shutdown stop
