20:40:41:420  WARN 21488 --- [main] ory$DuplicateJsonObjectContextCustomizer : 

Found multiple occurrences of org.json.JSONObject on the class path:

	jar:file:/C:/Users/8PRO%20of%20JA/.m2/repository/org/json/json/20220320/json-20220320.jar!/org/json/JSONObject.class
	jar:file:/C:/Users/8PRO%20of%20JA/.m2/repository/com/vaadin/external/google/android-json/0.0.20131108.vaadin1/android-json-0.0.20131108.vaadin1.jar!/org/json/JSONObject.class

You may wish to exclude one of them to ensure predictable runtime behavior

20:40:41:427  WARN 21488 --- [main] c.a.nacos.client.logging.NacosLogging    : Load Logback Configuration of Nacos fail, message: Could not initialize Logback Nacos logging from classpath:nacos-logback.xml
20:40:41:428  INFO 21488 --- [main] c.h.auth.UserAccountControllerTest       : The following 1 profile is active: "dev"
20:40:42:308  INFO 21488 --- [main] .s.d.r.c.RepositoryConfigurationDelegate : Multiple Spring Data modules found, entering strict repository configuration mode
20:40:42:310  INFO 21488 --- [main] .s.d.r.c.RepositoryConfigurationDelegate : Bootstrapping Spring Data Redis repositories in DEFAULT mode.
20:40:42:373  INFO 21488 --- [main] .s.d.r.c.RepositoryConfigurationDelegate : Finished Spring Data repository scanning in 46 ms. Found 0 Redis repository interfaces.
20:40:42:628  INFO 21488 --- [main] o.s.cloud.context.scope.GenericScope     : BeanFactory id=3aacb504-8a35-3309-bb6c-43f94d9aecdf
20:40:42:717  INFO 21488 --- [main] trationDelegate$BeanPostProcessorChecker : Bean 'com.hotsharp.api.client.FavoriteClient' of type [org.springframework.cloud.openfeign.FeignClientFactoryBean] is not eligible for getting processed by all BeanPostProcessors (for example: not eligible for auto-proxying)
20:40:42:719  INFO 21488 --- [main] trationDelegate$BeanPostProcessorChecker : Bean 'com.hotsharp.api.client.UserClient' of type [org.springframework.cloud.openfeign.FeignClientFactoryBean] is not eligible for getting processed by all BeanPostProcessors (for example: not eligible for auto-proxying)
20:40:42:720  INFO 21488 --- [main] trationDelegate$BeanPostProcessorChecker : Bean 'com.hotsharp.api.client.VideoClient' of type [org.springframework.cloud.openfeign.FeignClientFactoryBean] is not eligible for getting processed by all BeanPostProcessors (for example: not eligible for auto-proxying)
20:40:45:132  WARN 21488 --- [main] .s.s.UserDetailsServiceAutoConfiguration : 

Using generated security password: 98cf9d1b-d0c8-447e-be70-fac5fe83fc60

This generated password is for development use only. Your security configuration must be updated before running your application in production.

20:40:45:253  INFO 21488 --- [main] o.s.b.a.e.web.EndpointLinksResolver      : Exposing 1 endpoint(s) beneath base path '/actuator'
20:40:45:270  INFO 21488 --- [main] o.s.s.web.DefaultSecurityFilterChain     : Will secure any request with [org.springframework.security.web.session.DisableEncodeUrlFilter@115924ba, org.springframework.security.web.context.request.async.WebAsyncManagerIntegrationFilter@1728d307, org.springframework.security.web.context.SecurityContextHolderFilter@36dc6b9, org.springframework.security.web.header.HeaderWriterFilter@1f381eaf, org.springframework.web.filter.CorsFilter@252d2ac0, org.springframework.security.web.csrf.CsrfFilter@60658389, org.springframework.security.web.authentication.logout.LogoutFilter@1443539, org.springframework.security.web.authentication.UsernamePasswordAuthenticationFilter@749ffdc7, org.springframework.security.web.authentication.ui.DefaultLoginPageGeneratingFilter@16c1345b, org.springframework.security.web.authentication.ui.DefaultLogoutPageGeneratingFilter@3f0b5619, org.springframework.security.web.authentication.www.BasicAuthenticationFilter@1be3a294, org.springframework.security.web.savedrequest.RequestCacheAwareFilter@3c981f76, org.springframework.security.web.servletapi.SecurityContextHolderAwareRequestFilter@7e5e7753, org.springframework.security.web.authentication.AnonymousAuthenticationFilter@67afc9b6, org.springframework.security.web.access.ExceptionTranslationFilter@68838767, org.springframework.security.web.access.intercept.AuthorizationFilter@5afa0b1a]
20:40:45:366  INFO 21488 --- [main] o.s.b.t.m.w.SpringBootMockServletContext : Initializing Spring TestDispatcherServlet ''
20:40:45:367  INFO 21488 --- [main] o.s.t.web.servlet.TestDispatcherServlet  : Initializing Servlet ''
20:40:45:369  INFO 21488 --- [main] o.s.t.web.servlet.TestDispatcherServlet  : Completed initialization in 1 ms
20:40:45:982  INFO 21488 --- [main] c.h.auth.UserAccountControllerTest       : Started UserAccountControllerTest in 7.495 seconds (process running for 8.609)
20:40:45:988  INFO 21488 --- [main] c.a.nacos.client.config.impl.CacheData   : nacos.cache.data.init.snapshot = true 
20:40:45:989  INFO 21488 --- [main] c.a.n.client.config.impl.ClientWorker    : [fixed-172.31.170.153_8848] [subscribe] auth-service+DEFAULT_GROUP
20:40:45:995  INFO 21488 --- [main] c.a.nacos.client.config.impl.CacheData   : [fixed-172.31.170.153_8848] [add-listener] ok, tenant=, dataId=auth-service, group=DEFAULT_GROUP, cnt=1
20:40:45:996  INFO 21488 --- [main] c.a.c.n.refresh.NacosContextRefresher    : [Nacos Config] Listening config: dataId=auth-service, group=DEFAULT_GROUP
20:40:45:996  INFO 21488 --- [main] c.a.n.client.config.impl.ClientWorker    : [fixed-172.31.170.153_8848] [subscribe] auth-service-dev.yaml+DEFAULT_GROUP
20:40:45:996  INFO 21488 --- [main] c.a.nacos.client.config.impl.CacheData   : [fixed-172.31.170.153_8848] [add-listener] ok, tenant=, dataId=auth-service-dev.yaml, group=DEFAULT_GROUP, cnt=1
20:40:45:996  INFO 21488 --- [main] c.a.c.n.refresh.NacosContextRefresher    : [Nacos Config] Listening config: dataId=auth-service-dev.yaml, group=DEFAULT_GROUP
20:40:45:996  INFO 21488 --- [main] c.a.n.client.config.impl.ClientWorker    : [fixed-172.31.170.153_8848] [subscribe] auth-service.yaml+DEFAULT_GROUP
20:40:45:996  INFO 21488 --- [main] c.a.nacos.client.config.impl.CacheData   : [fixed-172.31.170.153_8848] [add-listener] ok, tenant=, dataId=auth-service.yaml, group=DEFAULT_GROUP, cnt=1
20:40:45:996  INFO 21488 --- [main] c.a.c.n.refresh.NacosContextRefresher    : [Nacos Config] Listening config: dataId=auth-service.yaml, group=DEFAULT_GROUP
20:40:46:497  INFO 21488 --- [main] o.s.c.openfeign.FeignClientFactoryBean   : For 'favorite-service' URL not provided. Will try picking an instance via load-balancing.
20:40:46:504 ERROR 21488 --- [main] o.s.c.o.support.SpringMvcContract        : Cannot process class: com.hotsharp.api.client.FavoriteClient. @RequestMapping annotation is not allowed on @FeignClient interfaces.
20:40:46:516  INFO 21488 --- [main] o.s.c.openfeign.FeignClientFactoryBean   : For 'user-service' URL not provided. Will try picking an instance via load-balancing.
20:40:46:518 ERROR 21488 --- [main] o.s.c.o.support.SpringMvcContract        : Cannot process class: com.hotsharp.api.client.UserClient. @RequestMapping annotation is not allowed on @FeignClient interfaces.
20:40:46:530  INFO 21488 --- [main] o.s.c.openfeign.FeignClientFactoryBean   : For 'video-service' URL not provided. Will try picking an instance via load-balancing.
20:40:46:532 ERROR 21488 --- [main] o.s.c.o.support.SpringMvcContract        : Cannot process class: com.hotsharp.api.client.VideoClient. @RequestMapping annotation is not allowed on @FeignClient interfaces.
20:40:46:615 ERROR 21488 --- [main] o.s.c.o.support.SpringMvcContract        : Cannot process class: com.hotsharp.api.client.FavoriteClient. @RequestMapping annotation is not allowed on @FeignClient interfaces.
20:40:46:615 ERROR 21488 --- [main] o.s.c.o.support.SpringMvcContract        : Cannot process class: com.hotsharp.api.client.UserClient. @RequestMapping annotation is not allowed on @FeignClient interfaces.
20:40:46:616 ERROR 21488 --- [main] o.s.c.o.support.SpringMvcContract        : Cannot process class: com.hotsharp.api.client.VideoClient. @RequestMapping annotation is not allowed on @FeignClient interfaces.
20:40:46:629  WARN 21488 --- [Thread-1] c.a.n.common.http.HttpClientBeanHolder   : [HttpClientBeanHolder] Start destroying common HttpClient
20:40:46:629  WARN 21488 --- [Thread-7] c.a.nacos.common.notify.NotifyCenter     : [NotifyCenter] Start destroying Publisher
20:40:46:629  WARN 21488 --- [Thread-7] c.a.nacos.common.notify.NotifyCenter     : [NotifyCenter] Destruction of the end
20:40:46:630  WARN 21488 --- [Thread-1] c.a.n.common.http.HttpClientBeanHolder   : [HttpClientBeanHolder] Destruction of the end
20:43:25:362  WARN 3648 --- [main] ory$DuplicateJsonObjectContextCustomizer : 

Found multiple occurrences of org.json.JSONObject on the class path:

	jar:file:/C:/Users/8PRO%20of%20JA/.m2/repository/org/json/json/20220320/json-20220320.jar!/org/json/JSONObject.class
	jar:file:/C:/Users/8PRO%20of%20JA/.m2/repository/com/vaadin/external/google/android-json/0.0.20131108.vaadin1/android-json-0.0.20131108.vaadin1.jar!/org/json/JSONObject.class

You may wish to exclude one of them to ensure predictable runtime behavior

20:43:25:381  WARN 3648 --- [main] c.a.nacos.client.logging.NacosLogging    : Load Logback Configuration of Nacos fail, message: Could not initialize Logback Nacos logging from classpath:nacos-logback.xml
20:43:25:382  INFO 3648 --- [main] c.h.auth.UserAccountControllerTest       : The following 1 profile is active: "dev"
20:43:26:319  INFO 3648 --- [main] .s.d.r.c.RepositoryConfigurationDelegate : Multiple Spring Data modules found, entering strict repository configuration mode
20:43:26:322  INFO 3648 --- [main] .s.d.r.c.RepositoryConfigurationDelegate : Bootstrapping Spring Data Redis repositories in DEFAULT mode.
20:43:26:369  INFO 3648 --- [main] .s.d.r.c.RepositoryConfigurationDelegate : Finished Spring Data repository scanning in 35 ms. Found 0 Redis repository interfaces.
20:43:26:595  INFO 3648 --- [main] o.s.cloud.context.scope.GenericScope     : BeanFactory id=3aacb504-8a35-3309-bb6c-43f94d9aecdf
20:43:26:680  INFO 3648 --- [main] trationDelegate$BeanPostProcessorChecker : Bean 'com.hotsharp.api.client.FavoriteClient' of type [org.springframework.cloud.openfeign.FeignClientFactoryBean] is not eligible for getting processed by all BeanPostProcessors (for example: not eligible for auto-proxying)
20:43:26:681  INFO 3648 --- [main] trationDelegate$BeanPostProcessorChecker : Bean 'com.hotsharp.api.client.UserClient' of type [org.springframework.cloud.openfeign.FeignClientFactoryBean] is not eligible for getting processed by all BeanPostProcessors (for example: not eligible for auto-proxying)
20:43:26:682  INFO 3648 --- [main] trationDelegate$BeanPostProcessorChecker : Bean 'com.hotsharp.api.client.VideoClient' of type [org.springframework.cloud.openfeign.FeignClientFactoryBean] is not eligible for getting processed by all BeanPostProcessors (for example: not eligible for auto-proxying)
20:43:28:828  WARN 3648 --- [main] .s.s.UserDetailsServiceAutoConfiguration : 

Using generated security password: 87a80ce3-9ca6-4a20-84f8-a7bedd1506c9

This generated password is for development use only. Your security configuration must be updated before running your application in production.

20:43:28:939  INFO 3648 --- [main] o.s.b.a.e.web.EndpointLinksResolver      : Exposing 1 endpoint(s) beneath base path '/actuator'
20:43:28:950  INFO 3648 --- [main] o.s.s.web.DefaultSecurityFilterChain     : Will secure any request with [org.springframework.security.web.session.DisableEncodeUrlFilter@5039c2cf, org.springframework.security.web.context.request.async.WebAsyncManagerIntegrationFilter@355b4c34, org.springframework.security.web.context.SecurityContextHolderFilter@3b28ab9b, org.springframework.security.web.header.HeaderWriterFilter@11678469, org.springframework.web.filter.CorsFilter@5ca006ac, org.springframework.security.web.csrf.CsrfFilter@6f00c40e, org.springframework.security.web.authentication.logout.LogoutFilter@544733a4, org.springframework.security.web.authentication.UsernamePasswordAuthenticationFilter@33502cfe, org.springframework.security.web.authentication.ui.DefaultLoginPageGeneratingFilter@8aafd70, org.springframework.security.web.authentication.ui.DefaultLogoutPageGeneratingFilter@dc3eda6, org.springframework.security.web.authentication.www.BasicAuthenticationFilter@6dc7b7f, org.springframework.security.web.savedrequest.RequestCacheAwareFilter@278cbf5a, org.springframework.security.web.servletapi.SecurityContextHolderAwareRequestFilter@3f030217, org.springframework.security.web.authentication.AnonymousAuthenticationFilter@1372696b, org.springframework.security.web.access.ExceptionTranslationFilter@241abc2, org.springframework.security.web.access.intercept.AuthorizationFilter@34d0c331]
20:43:29:028  INFO 3648 --- [main] o.s.b.t.m.w.SpringBootMockServletContext : Initializing Spring TestDispatcherServlet ''
20:43:29:028  INFO 3648 --- [main] o.s.t.web.servlet.TestDispatcherServlet  : Initializing Servlet ''
20:43:29:029  INFO 3648 --- [main] o.s.t.web.servlet.TestDispatcherServlet  : Completed initialization in 1 ms
20:43:29:586  INFO 3648 --- [main] c.h.auth.UserAccountControllerTest       : Started UserAccountControllerTest in 6.786 seconds (process running for 7.829)
20:43:29:593  INFO 3648 --- [main] c.a.nacos.client.config.impl.CacheData   : nacos.cache.data.init.snapshot = true 
20:43:29:593  INFO 3648 --- [main] c.a.n.client.config.impl.ClientWorker    : [fixed-172.31.170.153_8848] [subscribe] auth-service+DEFAULT_GROUP
20:43:29:599  INFO 3648 --- [main] c.a.nacos.client.config.impl.CacheData   : [fixed-172.31.170.153_8848] [add-listener] ok, tenant=, dataId=auth-service, group=DEFAULT_GROUP, cnt=1
20:43:29:599  INFO 3648 --- [main] c.a.c.n.refresh.NacosContextRefresher    : [Nacos Config] Listening config: dataId=auth-service, group=DEFAULT_GROUP
20:43:29:600  INFO 3648 --- [main] c.a.n.client.config.impl.ClientWorker    : [fixed-172.31.170.153_8848] [subscribe] auth-service-dev.yaml+DEFAULT_GROUP
20:43:29:600  INFO 3648 --- [main] c.a.nacos.client.config.impl.CacheData   : [fixed-172.31.170.153_8848] [add-listener] ok, tenant=, dataId=auth-service-dev.yaml, group=DEFAULT_GROUP, cnt=1
20:43:29:600  INFO 3648 --- [main] c.a.c.n.refresh.NacosContextRefresher    : [Nacos Config] Listening config: dataId=auth-service-dev.yaml, group=DEFAULT_GROUP
20:43:29:600  INFO 3648 --- [main] c.a.n.client.config.impl.ClientWorker    : [fixed-172.31.170.153_8848] [subscribe] auth-service.yaml+DEFAULT_GROUP
20:43:29:600  INFO 3648 --- [main] c.a.nacos.client.config.impl.CacheData   : [fixed-172.31.170.153_8848] [add-listener] ok, tenant=, dataId=auth-service.yaml, group=DEFAULT_GROUP, cnt=1
20:43:29:600  INFO 3648 --- [main] c.a.c.n.refresh.NacosContextRefresher    : [Nacos Config] Listening config: dataId=auth-service.yaml, group=DEFAULT_GROUP
20:43:29:614 ERROR 3648 --- [main] o.s.test.context.TestContextManager      : Caught exception while allowing TestExecutionListener [org.springframework.test.context.support.DependencyInjectionTestExecutionListener] to prepare test instance [com.hotsharp.auth.UserAccountControllerTest@4193da4d]

org.springframework.beans.factory.UnsatisfiedDependencyException: Error creating bean with name 'com.hotsharp.auth.UserAccountControllerTest': Unsatisfied dependency expressed through field 'userAccountService': No qualifying bean of type 'com.hotsharp.auth.service.IUserAccountService' available: expected at least 1 bean which qualifies as autowire candidate. Dependency annotations: {@org.springframework.beans.factory.annotation.Autowired(required=true)}
	at org.springframework.beans.factory.annotation.AutowiredAnnotationBeanPostProcessor$AutowiredFieldElement.resolveFieldValue(AutowiredAnnotationBeanPostProcessor.java:767) ~[spring-beans-6.0.12.jar:6.0.12]
	at org.springframework.beans.factory.annotation.AutowiredAnnotationBeanPostProcessor$AutowiredFieldElement.inject(AutowiredAnnotationBeanPostProcessor.java:747) ~[spring-beans-6.0.12.jar:6.0.12]
	at org.springframework.beans.factory.annotation.InjectionMetadata.inject(InjectionMetadata.java:145) ~[spring-beans-6.0.12.jar:6.0.12]
	at org.springframework.beans.factory.annotation.AutowiredAnnotationBeanPostProcessor.postProcessProperties(AutowiredAnnotationBeanPostProcessor.java:492) ~[spring-beans-6.0.12.jar:6.0.12]
	at org.springframework.beans.factory.support.AbstractAutowireCapableBeanFactory.populateBean(AbstractAutowireCapableBeanFactory.java:1416) ~[spring-beans-6.0.12.jar:6.0.12]
	at org.springframework.beans.factory.support.AbstractAutowireCapableBeanFactory.autowireBeanProperties(AbstractAutowireCapableBeanFactory.java:396) ~[spring-beans-6.0.12.jar:6.0.12]
	at org.springframework.test.context.support.DependencyInjectionTestExecutionListener.injectDependencies(DependencyInjectionTestExecutionListener.java:142) ~[spring-test-6.0.12.jar:6.0.12]
	at org.springframework.test.context.support.DependencyInjectionTestExecutionListener.prepareTestInstance(DependencyInjectionTestExecutionListener.java:97) ~[spring-test-6.0.12.jar:6.0.12]
	at org.springframework.test.context.TestContextManager.prepareTestInstance(TestContextManager.java:241) ~[spring-test-6.0.12.jar:6.0.12]
	at org.springframework.test.context.junit.jupiter.SpringExtension.postProcessTestInstance(SpringExtension.java:138) ~[spring-test-6.0.12.jar:6.0.12]
	at org.junit.jupiter.engine.descriptor.ClassBasedTestDescriptor.lambda$invokeTestInstancePostProcessors$10(ClassBasedTestDescriptor.java:377) ~[junit-jupiter-engine-5.9.3.jar:5.9.3]
	at org.junit.jupiter.engine.descriptor.ClassBasedTestDescriptor.executeAndMaskThrowable(ClassBasedTestDescriptor.java:382) ~[junit-jupiter-engine-5.9.3.jar:5.9.3]
	at org.junit.jupiter.engine.descriptor.ClassBasedTestDescriptor.lambda$invokeTestInstancePostProcessors$11(ClassBasedTestDescriptor.java:377) ~[junit-jupiter-engine-5.9.3.jar:5.9.3]
	at java.base/java.util.stream.ReferencePipeline$3$1.accept(ReferencePipeline.java:197) ~[na:na]
	at java.base/java.util.stream.ReferencePipeline$2$1.accept(ReferencePipeline.java:179) ~[na:na]
	at java.base/java.util.ArrayList$ArrayListSpliterator.forEachRemaining(ArrayList.java:1625) ~[na:na]
	at java.base/java.util.stream.AbstractPipeline.copyInto(AbstractPipeline.java:509) ~[na:na]
	at java.base/java.util.stream.AbstractPipeline.wrapAndCopyInto(AbstractPipeline.java:499) ~[na:na]
	at java.base/java.util.stream.StreamSpliterators$WrappingSpliterator.forEachRemaining(StreamSpliterators.java:310) ~[na:na]
	at java.base/java.util.stream.Streams$ConcatSpliterator.forEachRemaining(Streams.java:735) ~[na:na]
	at java.base/java.util.stream.Streams$ConcatSpliterator.forEachRemaining(Streams.java:734) ~[na:na]
	at java.base/java.util.stream.ReferencePipeline$Head.forEach(ReferencePipeline.java:762) ~[na:na]
	at org.junit.jupiter.engine.descriptor.ClassBasedTestDescriptor.invokeTestInstancePostProcessors(ClassBasedTestDescriptor.java:376) ~[junit-jupiter-engine-5.9.3.jar:5.9.3]
	at org.junit.jupiter.engine.descriptor.ClassBasedTestDescriptor.lambda$instantiateAndPostProcessTestInstance$6(ClassBasedTestDescriptor.java:289) ~[junit-jupiter-engine-5.9.3.jar:5.9.3]
	at org.junit.platform.engine.support.hierarchical.ThrowableCollector.execute(ThrowableCollector.java:73) ~[junit-platform-engine-1.9.3.jar:1.9.3]
	at org.junit.jupiter.engine.descriptor.ClassBasedTestDescriptor.instantiateAndPostProcessTestInstance(ClassBasedTestDescriptor.java:288) ~[junit-jupiter-engine-5.9.3.jar:5.9.3]
	at org.junit.jupiter.engine.descriptor.ClassBasedTestDescriptor.lambda$testInstancesProvider$4(ClassBasedTestDescriptor.java:278) ~[junit-jupiter-engine-5.9.3.jar:5.9.3]
	at java.base/java.util.Optional.orElseGet(Optional.java:364) ~[na:na]
	at org.junit.jupiter.engine.descriptor.ClassBasedTestDescriptor.lambda$testInstancesProvider$5(ClassBasedTestDescriptor.java:277) ~[junit-jupiter-engine-5.9.3.jar:5.9.3]
	at org.junit.jupiter.engine.execution.TestInstancesProvider.getTestInstances(TestInstancesProvider.java:31) ~[junit-jupiter-engine-5.9.3.jar:5.9.3]
	at org.junit.jupiter.engine.descriptor.TestMethodTestDescriptor.lambda$prepare$0(TestMethodTestDescriptor.java:105) ~[junit-jupiter-engine-5.9.3.jar:5.9.3]
	at org.junit.platform.engine.support.hierarchical.ThrowableCollector.execute(ThrowableCollector.java:73) ~[junit-platform-engine-1.9.3.jar:1.9.3]
	at org.junit.jupiter.engine.descriptor.TestMethodTestDescriptor.prepare(TestMethodTestDescriptor.java:104) ~[junit-jupiter-engine-5.9.3.jar:5.9.3]
	at org.junit.jupiter.engine.descriptor.TestMethodTestDescriptor.prepare(TestMethodTestDescriptor.java:68) ~[junit-jupiter-engine-5.9.3.jar:5.9.3]
	at org.junit.platform.engine.support.hierarchical.NodeTestTask.lambda$prepare$2(NodeTestTask.java:123) ~[junit-platform-engine-1.9.3.jar:1.9.3]
	at org.junit.platform.engine.support.hierarchical.ThrowableCollector.execute(ThrowableCollector.java:73) ~[junit-platform-engine-1.9.3.jar:1.9.3]
	at org.junit.platform.engine.support.hierarchical.NodeTestTask.prepare(NodeTestTask.java:123) ~[junit-platform-engine-1.9.3.jar:1.9.3]
	at org.junit.platform.engine.support.hierarchical.NodeTestTask.execute(NodeTestTask.java:90) ~[junit-platform-engine-1.9.3.jar:1.9.3]
	at java.base/java.util.ArrayList.forEach(ArrayList.java:1511) ~[na:na]
	at org.junit.platform.engine.support.hierarchical.SameThreadHierarchicalTestExecutorService.invokeAll(SameThreadHierarchicalTestExecutorService.java:41) ~[junit-platform-engine-1.9.3.jar:1.9.3]
	at org.junit.platform.engine.support.hierarchical.NodeTestTask.lambda$executeRecursively$6(NodeTestTask.java:155) ~[junit-platform-engine-1.9.3.jar:1.9.3]
	at org.junit.platform.engine.support.hierarchical.ThrowableCollector.execute(ThrowableCollector.java:73) ~[junit-platform-engine-1.9.3.jar:1.9.3]
	at org.junit.platform.engine.support.hierarchical.NodeTestTask.lambda$executeRecursively$8(NodeTestTask.java:141) ~[junit-platform-engine-1.9.3.jar:1.9.3]
	at org.junit.platform.engine.support.hierarchical.Node.around(Node.java:137) ~[junit-platform-engine-1.9.3.jar:1.9.3]
	at org.junit.platform.engine.support.hierarchical.NodeTestTask.lambda$executeRecursively$9(NodeTestTask.java:139) ~[junit-platform-engine-1.9.3.jar:1.9.3]
	at org.junit.platform.engine.support.hierarchical.ThrowableCollector.execute(ThrowableCollector.java:73) ~[junit-platform-engine-1.9.3.jar:1.9.3]
	at org.junit.platform.engine.support.hierarchical.NodeTestTask.executeRecursively(NodeTestTask.java:138) ~[junit-platform-engine-1.9.3.jar:1.9.3]
	at org.junit.platform.engine.support.hierarchical.NodeTestTask.execute(NodeTestTask.java:95) ~[junit-platform-engine-1.9.3.jar:1.9.3]
	at java.base/java.util.ArrayList.forEach(ArrayList.java:1511) ~[na:na]
	at org.junit.platform.engine.support.hierarchical.SameThreadHierarchicalTestExecutorService.invokeAll(SameThreadHierarchicalTestExecutorService.java:41) ~[junit-platform-engine-1.9.3.jar:1.9.3]
	at org.junit.platform.engine.support.hierarchical.NodeTestTask.lambda$executeRecursively$6(NodeTestTask.java:155) ~[junit-platform-engine-1.9.3.jar:1.9.3]
	at org.junit.platform.engine.support.hierarchical.ThrowableCollector.execute(ThrowableCollector.java:73) ~[junit-platform-engine-1.9.3.jar:1.9.3]
	at org.junit.platform.engine.support.hierarchical.NodeTestTask.lambda$executeRecursively$8(NodeTestTask.java:141) ~[junit-platform-engine-1.9.3.jar:1.9.3]
	at org.junit.platform.engine.support.hierarchical.Node.around(Node.java:137) ~[junit-platform-engine-1.9.3.jar:1.9.3]
	at org.junit.platform.engine.support.hierarchical.NodeTestTask.lambda$executeRecursively$9(NodeTestTask.java:139) ~[junit-platform-engine-1.9.3.jar:1.9.3]
	at org.junit.platform.engine.support.hierarchical.ThrowableCollector.execute(ThrowableCollector.java:73) ~[junit-platform-engine-1.9.3.jar:1.9.3]
	at org.junit.platform.engine.support.hierarchical.NodeTestTask.executeRecursively(NodeTestTask.java:138) ~[junit-platform-engine-1.9.3.jar:1.9.3]
	at org.junit.platform.engine.support.hierarchical.NodeTestTask.execute(NodeTestTask.java:95) ~[junit-platform-engine-1.9.3.jar:1.9.3]
	at org.junit.platform.engine.support.hierarchical.SameThreadHierarchicalTestExecutorService.submit(SameThreadHierarchicalTestExecutorService.java:35) ~[junit-platform-engine-1.9.3.jar:1.9.3]
	at org.junit.platform.engine.support.hierarchical.HierarchicalTestExecutor.execute(HierarchicalTestExecutor.java:57) ~[junit-platform-engine-1.9.3.jar:1.9.3]
	at org.junit.platform.engine.support.hierarchical.HierarchicalTestEngine.execute(HierarchicalTestEngine.java:54) ~[junit-platform-engine-1.9.3.jar:1.9.3]
	at org.junit.platform.launcher.core.EngineExecutionOrchestrator.execute(EngineExecutionOrchestrator.java:147) ~[junit-platform-launcher-1.9.3.jar:1.9.3]
	at org.junit.platform.launcher.core.EngineExecutionOrchestrator.execute(EngineExecutionOrchestrator.java:127) ~[junit-platform-launcher-1.9.3.jar:1.9.3]
	at org.junit.platform.launcher.core.EngineExecutionOrchestrator.execute(EngineExecutionOrchestrator.java:90) ~[junit-platform-launcher-1.9.3.jar:1.9.3]
	at org.junit.platform.launcher.core.EngineExecutionOrchestrator.lambda$execute$0(EngineExecutionOrchestrator.java:55) ~[junit-platform-launcher-1.9.3.jar:1.9.3]
	at org.junit.platform.launcher.core.EngineExecutionOrchestrator.withInterceptedStreams(EngineExecutionOrchestrator.java:102) ~[junit-platform-launcher-1.9.3.jar:1.9.3]
	at org.junit.platform.launcher.core.EngineExecutionOrchestrator.execute(EngineExecutionOrchestrator.java:54) ~[junit-platform-launcher-1.9.3.jar:1.9.3]
	at org.junit.platform.launcher.core.DefaultLauncher.execute(DefaultLauncher.java:114) ~[junit-platform-launcher-1.9.3.jar:1.9.3]
	at org.junit.platform.launcher.core.DefaultLauncher.execute(DefaultLauncher.java:86) ~[junit-platform-launcher-1.9.3.jar:1.9.3]
	at org.junit.platform.launcher.core.DefaultLauncherSession$DelegatingLauncher.execute(DefaultLauncherSession.java:86) ~[junit-platform-launcher-1.9.3.jar:1.9.3]
	at org.junit.platform.launcher.core.SessionPerRequestLauncher.execute(SessionPerRequestLauncher.java:53) ~[junit-platform-launcher-1.9.3.jar:1.9.3]
	at com.intellij.junit5.JUnit5IdeaTestRunner.startRunnerWithArgs(JUnit5IdeaTestRunner.java:57) ~[junit5-rt.jar:na]
	at com.intellij.rt.junit.IdeaTestRunner$Repeater$1.execute(IdeaTestRunner.java:38) ~[junit-rt.jar:na]
	at com.intellij.rt.execution.junit.TestsRepeater.repeat(TestsRepeater.java:11) ~[idea_rt.jar:na]
	at com.intellij.rt.junit.IdeaTestRunner$Repeater.startRunnerWithArgs(IdeaTestRunner.java:35) ~[junit-rt.jar:na]
	at com.intellij.rt.junit.JUnitStarter.prepareStreamsAndStart(JUnitStarter.java:232) ~[junit-rt.jar:na]
	at com.intellij.rt.junit.JUnitStarter.main(JUnitStarter.java:55) ~[junit-rt.jar:na]
Caused by: org.springframework.beans.factory.NoSuchBeanDefinitionException: No qualifying bean of type 'com.hotsharp.auth.service.IUserAccountService' available: expected at least 1 bean which qualifies as autowire candidate. Dependency annotations: {@org.springframework.beans.factory.annotation.Autowired(required=true)}
	at org.springframework.beans.factory.support.DefaultListableBeanFactory.raiseNoMatchingBeanFound(DefaultListableBeanFactory.java:1824) ~[spring-beans-6.0.12.jar:6.0.12]
	at org.springframework.beans.factory.support.DefaultListableBeanFactory.doResolveDependency(DefaultListableBeanFactory.java:1383) ~[spring-beans-6.0.12.jar:6.0.12]
	at org.springframework.beans.factory.support.DefaultListableBeanFactory.resolveDependency(DefaultListableBeanFactory.java:1337) ~[spring-beans-6.0.12.jar:6.0.12]
	at org.springframework.beans.factory.annotation.AutowiredAnnotationBeanPostProcessor$AutowiredFieldElement.resolveFieldValue(AutowiredAnnotationBeanPostProcessor.java:764) ~[spring-beans-6.0.12.jar:6.0.12]
	... 76 common frames omitted

20:43:29:632  WARN 3648 --- [Thread-7] c.a.nacos.common.notify.NotifyCenter     : [NotifyCenter] Start destroying Publisher
20:43:29:632  WARN 3648 --- [Thread-1] c.a.n.common.http.HttpClientBeanHolder   : [HttpClientBeanHolder] Start destroying common HttpClient
20:43:29:632  WARN 3648 --- [Thread-7] c.a.nacos.common.notify.NotifyCenter     : [NotifyCenter] Destruction of the end
20:43:29:632  WARN 3648 --- [Thread-1] c.a.n.common.http.HttpClientBeanHolder   : [HttpClientBeanHolder] Destruction of the end
