15:52:26:629  WARN 9768 --- [main] c.a.nacos.client.logging.NacosLogging    : Load Logback Configuration of Nacos fail, message: Could not initialize Logback Nacos logging from classpath:nacos-logback.xml
15:52:26:630  INFO 9768 --- [main] com.hotsharp.video.VideoApplication      : The following 2 profiles are active: "common", "dev"
15:52:27:262  INFO 9768 --- [main] .s.d.r.c.RepositoryConfigurationDelegate : Multiple Spring Data modules found, entering strict repository configuration mode
15:52:27:264  INFO 9768 --- [main] .s.d.r.c.RepositoryConfigurationDelegate : Bootstrapping Spring Data Redis repositories in DEFAULT mode.
15:52:27:287  INFO 9768 --- [main] .s.d.r.c.RepositoryConfigurationDelegate : Finished Spring Data repository scanning in 8 ms. Found 0 Redis repository interfaces.
15:52:27:539  INFO 9768 --- [main] o.s.cloud.context.scope.GenericScope     : BeanFactory id=ca605323-9040-387b-9296-e19788ff5416
15:52:27:598  INFO 9768 --- [main] trationDelegate$BeanPostProcessorChecker : Bean 'com.hotsharp.api.client.FavoriteClient' of type [org.springframework.cloud.openfeign.FeignClientFactoryBean] is not eligible for getting processed by all BeanPostProcessors (for example: not eligible for auto-proxying)
15:52:27:600  INFO 9768 --- [main] trationDelegate$BeanPostProcessorChecker : Bean 'com.hotsharp.api.client.UserClient' of type [org.springframework.cloud.openfeign.FeignClientFactoryBean] is not eligible for getting processed by all BeanPostProcessors (for example: not eligible for auto-proxying)
15:52:27:601  INFO 9768 --- [main] trationDelegate$BeanPostProcessorChecker : Bean 'com.hotsharp.api.client.VideoClient' of type [org.springframework.cloud.openfeign.FeignClientFactoryBean] is not eligible for getting processed by all BeanPostProcessors (for example: not eligible for auto-proxying)
15:52:27:963  INFO 9768 --- [main] o.s.b.w.embedded.tomcat.TomcatWebServer  : Tomcat initialized with port(s): 8090 (http)
15:52:27:964  INFO 9768 --- [main] o.a.catalina.core.AprLifecycleListener   : An older version [1.2.35] of the Apache Tomcat Native library is installed, while Tomcat recommends a minimum version of [2.0.5]
15:52:27:964  INFO 9768 --- [main] o.a.catalina.core.AprLifecycleListener   : Loaded Apache Tomcat Native library [1.2.35] using APR version [1.7.0].
15:52:27:985  INFO 9768 --- [main] o.a.catalina.core.AprLifecycleListener   : OpenSSL successfully initialized [OpenSSL 1.1.1q  5 Jul 2022]
15:52:27:994  INFO 9768 --- [main] o.apache.catalina.core.StandardService   : Starting service [Tomcat]
15:52:27:994  INFO 9768 --- [main] o.apache.catalina.core.StandardEngine    : Starting Servlet engine: [Apache Tomcat/10.1.13]
15:52:28:068  INFO 9768 --- [main] o.a.c.c.C.[Tomcat].[localhost].[/]       : Initializing Spring embedded WebApplicationContext
15:52:28:068  INFO 9768 --- [main] w.s.c.ServletWebServerApplicationContext : Root WebApplicationContext: initialization completed in 1421 ms
15:52:28:343  WARN 9768 --- [main] c.b.m.core.metadata.TableInfoHelper      : Can not find table primary key in Class: "com.hotsharp.video.pojo.entity.Category".
15:52:28:348  WARN 9768 --- [main] c.b.m.core.injector.DefaultSqlInjector   : class com.hotsharp.video.pojo.entity.Category ,Not found @TableId annotation, Cannot use Mybatis-Plus 'xxById' Method.
15:52:28:421  WARN 9768 --- [main] c.b.m.core.metadata.TableInfoHelper      : Can not find table primary key in Class: "com.hotsharp.video.pojo.entity.VideoStatus".
15:52:28:421  WARN 9768 --- [main] c.b.m.core.injector.DefaultSqlInjector   : class com.hotsharp.video.pojo.entity.VideoStatus ,Not found @TableId annotation, Cannot use Mybatis-Plus 'xxById' Method.
15:52:30:704  INFO 9768 --- [main] o.s.b.w.embedded.tomcat.TomcatWebServer  : Tomcat started on port(s): 8090 (http) with context path ''
15:52:30:708  INFO 9768 --- [main] com.alibaba.nacos.client.naming          : initializer namespace from ans.namespace attribute : null
15:52:30:709  INFO 9768 --- [main] com.alibaba.nacos.client.naming          : initializer namespace from ALIBABA_ALIWARE_NAMESPACE attribute :null
15:52:30:709  INFO 9768 --- [main] com.alibaba.nacos.client.naming          : initializer namespace from namespace attribute :null
15:52:30:717  INFO 9768 --- [main] c.a.n.p.a.s.c.ClientAuthPluginManager    : [ClientAuthPluginManager] Load ClientAuthService com.alibaba.nacos.client.auth.impl.NacosClientAuthServiceImpl success.
15:52:30:717  INFO 9768 --- [main] c.a.n.p.a.s.c.ClientAuthPluginManager    : [ClientAuthPluginManager] Load ClientAuthService com.alibaba.nacos.client.auth.ram.RamClientAuthServiceImpl success.
15:52:30:721  INFO 9768 --- [main] com.alibaba.nacos.common.remote.client   : [RpcClientFactory] create a new rpc client of 72fcdb16-edd5-416a-94ea-42a8d61f41b6
15:52:30:723  INFO 9768 --- [main] com.alibaba.nacos.common.remote.client   : [72fcdb16-edd5-416a-94ea-42a8d61f41b6] RpcClient init, ServerListFactory = com.alibaba.nacos.client.naming.core.ServerListManager
15:52:30:723  INFO 9768 --- [main] com.alibaba.nacos.common.remote.client   : [72fcdb16-edd5-416a-94ea-42a8d61f41b6] Registry connection listener to current client:com.alibaba.nacos.client.naming.remote.gprc.redo.NamingGrpcRedoService
15:52:30:724  INFO 9768 --- [main] com.alibaba.nacos.common.remote.client   : [72fcdb16-edd5-416a-94ea-42a8d61f41b6] Register server push request handler:com.alibaba.nacos.client.naming.remote.gprc.NamingPushRequestHandler
15:52:30:724  INFO 9768 --- [main] com.alibaba.nacos.common.remote.client   : [72fcdb16-edd5-416a-94ea-42a8d61f41b6] Try to connect to server on start up, server: {serverIp = '49.235.47.8', server main port = 8848}
15:52:30:724  INFO 9768 --- [main] c.a.n.c.remote.client.grpc.GrpcClient    : grpc client connection server:49.235.47.8 ip,serverPort:9848,grpcTslConfig:{"sslProvider":"OPENSSL","enableTls":false,"mutualAuthEnable":false,"trustAll":false}
15:52:31:022  INFO 9768 --- [main] com.alibaba.nacos.common.remote.client   : [72fcdb16-edd5-416a-94ea-42a8d61f41b6] Success to connect to server [49.235.47.8:8848] on start up, connectionId = 1733903550045_222.20.193.136_14379
15:52:31:022  INFO 9768 --- [main] com.alibaba.nacos.common.remote.client   : [72fcdb16-edd5-416a-94ea-42a8d61f41b6] Register server push request handler:com.alibaba.nacos.common.remote.client.RpcClient$ConnectResetRequestHandler
15:52:31:022  INFO 9768 --- [com.alibaba.nacos.client.remote.worker] com.alibaba.nacos.common.remote.client   : [72fcdb16-edd5-416a-94ea-42a8d61f41b6] Notify connected event to listeners.
15:52:31:022  INFO 9768 --- [main] com.alibaba.nacos.common.remote.client   : [72fcdb16-edd5-416a-94ea-42a8d61f41b6] Register server push request handler:com.alibaba.nacos.common.remote.client.RpcClient$$Lambda$539/0x00000208b54922d8
15:52:31:022  INFO 9768 --- [com.alibaba.nacos.client.remote.worker] com.alibaba.nacos.client.naming          : Grpc connection connect
15:52:31:023  INFO 9768 --- [main] com.alibaba.nacos.client.naming          : [REGISTER-SERVICE] public registering service video-process with instance Instance{instanceId='null', ip='10.128.130.126', port=8090, weight=1.0, healthy=true, enabled=true, ephemeral=true, clusterName='DEFAULT', serviceName='null', metadata={IPv6=[2001:250:4001:5012:8b1c:3458:cb7a:4f57], preserved.register.source=SPRING_CLOUD}}
15:52:31:078  INFO 9768 --- [main] c.a.c.n.registry.NacosServiceRegistry    : nacos registry, DEFAULT_GROUP video-process 10.128.130.126:8090 register finished
15:52:31:419  INFO 9768 --- [main] com.hotsharp.video.VideoApplication      : Started VideoApplication in 9.241 seconds (process running for 9.906)
15:52:31:423  INFO 9768 --- [main] c.a.nacos.client.config.impl.CacheData   : nacos.cache.data.init.snapshot = true 
15:52:31:424  INFO 9768 --- [main] c.a.n.client.config.impl.ClientWorker    : [fixed-49.235.47.8_8848] [subscribe] video-process-common.yaml+DEFAULT_GROUP
15:52:31:431  INFO 9768 --- [main] c.a.nacos.client.config.impl.CacheData   : [fixed-49.235.47.8_8848] [add-listener] ok, tenant=, dataId=video-process-common.yaml, group=DEFAULT_GROUP, cnt=1
15:52:31:432  INFO 9768 --- [main] c.a.c.n.refresh.NacosContextRefresher    : [Nacos Config] Listening config: dataId=video-process-common.yaml, group=DEFAULT_GROUP
15:52:31:432  INFO 9768 --- [main] c.a.n.client.config.impl.ClientWorker    : [fixed-49.235.47.8_8848] [subscribe] video-process-dev.yaml+DEFAULT_GROUP
15:52:31:432  INFO 9768 --- [main] c.a.nacos.client.config.impl.CacheData   : [fixed-49.235.47.8_8848] [add-listener] ok, tenant=, dataId=video-process-dev.yaml, group=DEFAULT_GROUP, cnt=1
15:52:31:432  INFO 9768 --- [main] c.a.c.n.refresh.NacosContextRefresher    : [Nacos Config] Listening config: dataId=video-process-dev.yaml, group=DEFAULT_GROUP
15:52:31:432  INFO 9768 --- [main] c.a.n.client.config.impl.ClientWorker    : [fixed-49.235.47.8_8848] [subscribe] video-process+DEFAULT_GROUP
15:52:31:432  INFO 9768 --- [main] c.a.nacos.client.config.impl.CacheData   : [fixed-49.235.47.8_8848] [add-listener] ok, tenant=, dataId=video-process, group=DEFAULT_GROUP, cnt=1
15:52:31:432  INFO 9768 --- [main] c.a.c.n.refresh.NacosContextRefresher    : [Nacos Config] Listening config: dataId=video-process, group=DEFAULT_GROUP
15:52:31:432  INFO 9768 --- [main] c.a.n.client.config.impl.ClientWorker    : [fixed-49.235.47.8_8848] [subscribe] video-process.yaml+DEFAULT_GROUP
15:52:31:432  INFO 9768 --- [main] c.a.nacos.client.config.impl.CacheData   : [fixed-49.235.47.8_8848] [add-listener] ok, tenant=, dataId=video-process.yaml, group=DEFAULT_GROUP, cnt=1
15:52:31:432  INFO 9768 --- [main] c.a.c.n.refresh.NacosContextRefresher    : [Nacos Config] Listening config: dataId=video-process.yaml, group=DEFAULT_GROUP
15:52:31:433  INFO 9768 --- [main] com.hotsharp.video.VideoApplication      : ## Video application start successfully!
15:54:34:054  WARN 9768 --- [Thread-1] c.a.n.common.http.HttpClientBeanHolder   : [HttpClientBeanHolder] Start destroying common HttpClient
15:54:34:054  WARN 9768 --- [Thread-7] c.a.nacos.common.notify.NotifyCenter     : [NotifyCenter] Start destroying Publisher
15:54:34:054  WARN 9768 --- [Thread-7] c.a.nacos.common.notify.NotifyCenter     : [NotifyCenter] Destruction of the end
15:54:34:055  WARN 9768 --- [Thread-1] c.a.n.common.http.HttpClientBeanHolder   : [HttpClientBeanHolder] Destruction of the end
15:54:34:086  INFO 9768 --- [SpringApplicationShutdownHook] c.a.c.n.registry.NacosServiceRegistry    : De-registering from Nacos Server now...
15:54:34:087  INFO 9768 --- [SpringApplicationShutdownHook] com.alibaba.nacos.client.naming          : [DEREGISTER-SERVICE] public deregistering service video-process with instance: Instance{instanceId='null', ip='10.128.130.126', port=8090, weight=1.0, healthy=true, enabled=true, ephemeral=true, clusterName='DEFAULT', serviceName='null', metadata={}}
15:54:34:208  INFO 9768 --- [SpringApplicationShutdownHook] c.a.c.n.registry.NacosServiceRegistry    : De-registration finished.
15:54:34:208  INFO 9768 --- [SpringApplicationShutdownHook] com.alibaba.nacos.client.naming          : com.alibaba.nacos.client.naming.cache.ServiceInfoHolder do shutdown begin
15:54:34:208  INFO 9768 --- [SpringApplicationShutdownHook] com.alibaba.nacos.client.naming          : com.alibaba.nacos.client.naming.backups.FailoverReactor do shutdown begin
15:54:34:208  INFO 9768 --- [SpringApplicationShutdownHook] com.alibaba.nacos.client.naming          : com.alibaba.nacos.client.naming.backups.FailoverReactor do shutdown stop
15:54:34:208  INFO 9768 --- [SpringApplicationShutdownHook] com.alibaba.nacos.client.naming          : com.alibaba.nacos.client.naming.cache.ServiceInfoHolder do shutdown stop
15:54:34:208  INFO 9768 --- [SpringApplicationShutdownHook] com.alibaba.nacos.client.naming          : com.alibaba.nacos.client.naming.remote.NamingClientProxyDelegate do shutdown begin
15:54:34:209  INFO 9768 --- [SpringApplicationShutdownHook] com.alibaba.nacos.client.naming          : com.alibaba.nacos.client.naming.core.ServiceInfoUpdateService do shutdown begin
15:54:34:209  INFO 9768 --- [SpringApplicationShutdownHook] com.alibaba.nacos.client.naming          : com.alibaba.nacos.client.naming.core.ServiceInfoUpdateService do shutdown stop
15:54:34:209  INFO 9768 --- [SpringApplicationShutdownHook] com.alibaba.nacos.client.naming          : com.alibaba.nacos.client.naming.core.ServerListManager do shutdown begin
15:54:34:209  WARN 9768 --- [SpringApplicationShutdownHook] com.alibaba.nacos.client.naming          : [NamingHttpClientManager] Start destroying NacosRestTemplate
15:54:34:209  WARN 9768 --- [SpringApplicationShutdownHook] com.alibaba.nacos.client.naming          : [NamingHttpClientManager] Destruction of the end
15:54:34:209  INFO 9768 --- [SpringApplicationShutdownHook] com.alibaba.nacos.client.naming          : com.alibaba.nacos.client.naming.core.ServerListManager do shutdown stop
15:54:34:209  INFO 9768 --- [SpringApplicationShutdownHook] com.alibaba.nacos.client.naming          : com.alibaba.nacos.client.naming.remote.http.NamingHttpClientProxy do shutdown begin
15:54:34:209  WARN 9768 --- [SpringApplicationShutdownHook] com.alibaba.nacos.client.naming          : [NamingHttpClientManager] Start destroying NacosRestTemplate
15:54:34:209  WARN 9768 --- [SpringApplicationShutdownHook] com.alibaba.nacos.client.naming          : [NamingHttpClientManager] Destruction of the end
15:54:34:209  INFO 9768 --- [SpringApplicationShutdownHook] com.alibaba.nacos.client.naming          : com.alibaba.nacos.client.naming.remote.http.NamingHttpClientProxy do shutdown stop
15:54:34:209  INFO 9768 --- [SpringApplicationShutdownHook] com.alibaba.nacos.common.remote.client   : Shutdown rpc client, set status to shutdown
15:54:34:209  INFO 9768 --- [SpringApplicationShutdownHook] com.alibaba.nacos.common.remote.client   : Shutdown client event executor java.util.concurrent.ScheduledThreadPoolExecutor@6a328f57[Running, pool size = 2, active threads = 2, queued tasks = 0, completed tasks = 0]
15:54:34:209  INFO 9768 --- [SpringApplicationShutdownHook] com.alibaba.nacos.common.remote.client   : Close current connection 1733903550045_222.20.193.136_14379
15:54:34:213  WARN 9768 --- [nacos-grpc-client-executor-49.235.47.8-43] c.a.n.c.remote.client.grpc.GrpcClient    : [1733903550045_222.20.193.136_14379]Ignore error event,isRunning:false,isAbandon=false
15:54:34:215  INFO 9768 --- [SpringApplicationShutdownHook] c.a.n.c.remote.client.grpc.GrpcClient    : Shutdown grpc executor java.util.concurrent.ThreadPoolExecutor@6f2f3a95[Running, pool size = 6, active threads = 0, queued tasks = 0, completed tasks = 44]
15:54:34:215  INFO 9768 --- [SpringApplicationShutdownHook] com.alibaba.nacos.client.naming          : Shutdown grpc redo service executor java.util.concurrent.ScheduledThreadPoolExecutor@7fe1b32a[Running, pool size = 1, active threads = 0, queued tasks = 1, completed tasks = 41]
15:54:34:215  INFO 9768 --- [SpringApplicationShutdownHook] c.a.n.c.a.r.identify.CredentialWatcher   : [null] CredentialWatcher is stopped
15:54:34:215  INFO 9768 --- [SpringApplicationShutdownHook] c.a.n.c.a.r.identify.CredentialService   : [null] CredentialService is freed
15:54:34:215  INFO 9768 --- [SpringApplicationShutdownHook] com.alibaba.nacos.client.naming          : com.alibaba.nacos.client.naming.remote.NamingClientProxyDelegate do shutdown stop
15:54:40:864  WARN 26576 --- [main] c.a.nacos.client.logging.NacosLogging    : Load Logback Configuration of Nacos fail, message: Could not initialize Logback Nacos logging from classpath:nacos-logback.xml
15:54:40:874  INFO 26576 --- [main] com.hotsharp.video.VideoApplication      : The following 2 profiles are active: "common", "dev"
15:54:41:446  INFO 26576 --- [main] .s.d.r.c.RepositoryConfigurationDelegate : Multiple Spring Data modules found, entering strict repository configuration mode
15:54:41:450  INFO 26576 --- [main] .s.d.r.c.RepositoryConfigurationDelegate : Bootstrapping Spring Data Redis repositories in DEFAULT mode.
15:54:41:469  INFO 26576 --- [main] .s.d.r.c.RepositoryConfigurationDelegate : Finished Spring Data repository scanning in 8 ms. Found 0 Redis repository interfaces.
15:54:41:686  INFO 26576 --- [main] o.s.cloud.context.scope.GenericScope     : BeanFactory id=ca605323-9040-387b-9296-e19788ff5416
15:54:41:743  INFO 26576 --- [main] trationDelegate$BeanPostProcessorChecker : Bean 'com.hotsharp.api.client.FavoriteClient' of type [org.springframework.cloud.openfeign.FeignClientFactoryBean] is not eligible for getting processed by all BeanPostProcessors (for example: not eligible for auto-proxying)
15:54:41:745  INFO 26576 --- [main] trationDelegate$BeanPostProcessorChecker : Bean 'com.hotsharp.api.client.UserClient' of type [org.springframework.cloud.openfeign.FeignClientFactoryBean] is not eligible for getting processed by all BeanPostProcessors (for example: not eligible for auto-proxying)
15:54:41:746  INFO 26576 --- [main] trationDelegate$BeanPostProcessorChecker : Bean 'com.hotsharp.api.client.VideoClient' of type [org.springframework.cloud.openfeign.FeignClientFactoryBean] is not eligible for getting processed by all BeanPostProcessors (for example: not eligible for auto-proxying)
15:54:42:084  INFO 26576 --- [main] o.s.b.w.embedded.tomcat.TomcatWebServer  : Tomcat initialized with port(s): 40006 (http)
15:54:42:085  INFO 26576 --- [main] o.a.catalina.core.AprLifecycleListener   : An older version [1.2.35] of the Apache Tomcat Native library is installed, while Tomcat recommends a minimum version of [2.0.5]
15:54:42:086  INFO 26576 --- [main] o.a.catalina.core.AprLifecycleListener   : Loaded Apache Tomcat Native library [1.2.35] using APR version [1.7.0].
15:54:42:088  INFO 26576 --- [main] o.a.catalina.core.AprLifecycleListener   : OpenSSL successfully initialized [OpenSSL 1.1.1q  5 Jul 2022]
15:54:42:096  INFO 26576 --- [main] o.apache.catalina.core.StandardService   : Starting service [Tomcat]
15:54:42:097  INFO 26576 --- [main] o.apache.catalina.core.StandardEngine    : Starting Servlet engine: [Apache Tomcat/10.1.13]
15:54:42:180  INFO 26576 --- [main] o.a.c.c.C.[Tomcat].[localhost].[/]       : Initializing Spring embedded WebApplicationContext
15:54:42:181  INFO 26576 --- [main] w.s.c.ServletWebServerApplicationContext : Root WebApplicationContext: initialization completed in 1292 ms
15:54:42:442  WARN 26576 --- [main] c.b.m.core.metadata.TableInfoHelper      : Can not find table primary key in Class: "com.hotsharp.video.pojo.entity.Category".
15:54:42:448  WARN 26576 --- [main] c.b.m.core.injector.DefaultSqlInjector   : class com.hotsharp.video.pojo.entity.Category ,Not found @TableId annotation, Cannot use Mybatis-Plus 'xxById' Method.
15:54:42:546  WARN 26576 --- [main] c.b.m.core.metadata.TableInfoHelper      : Can not find table primary key in Class: "com.hotsharp.video.pojo.entity.VideoStatus".
15:54:42:546  WARN 26576 --- [main] c.b.m.core.injector.DefaultSqlInjector   : class com.hotsharp.video.pojo.entity.VideoStatus ,Not found @TableId annotation, Cannot use Mybatis-Plus 'xxById' Method.
15:54:44:574  INFO 26576 --- [main] o.s.b.w.embedded.tomcat.TomcatWebServer  : Tomcat started on port(s): 40006 (http) with context path ''
15:54:44:578  INFO 26576 --- [main] com.alibaba.nacos.client.naming          : initializer namespace from ans.namespace attribute : null
15:54:44:578  INFO 26576 --- [main] com.alibaba.nacos.client.naming          : initializer namespace from ALIBABA_ALIWARE_NAMESPACE attribute :null
15:54:44:579  INFO 26576 --- [main] com.alibaba.nacos.client.naming          : initializer namespace from namespace attribute :null
15:54:44:586  INFO 26576 --- [main] c.a.n.p.a.s.c.ClientAuthPluginManager    : [ClientAuthPluginManager] Load ClientAuthService com.alibaba.nacos.client.auth.impl.NacosClientAuthServiceImpl success.
15:54:44:587  INFO 26576 --- [main] c.a.n.p.a.s.c.ClientAuthPluginManager    : [ClientAuthPluginManager] Load ClientAuthService com.alibaba.nacos.client.auth.ram.RamClientAuthServiceImpl success.
15:54:44:590  INFO 26576 --- [main] com.alibaba.nacos.common.remote.client   : [RpcClientFactory] create a new rpc client of 02db7f5e-743f-4e81-87b2-0cc53ea466c2
15:54:44:591  INFO 26576 --- [main] com.alibaba.nacos.common.remote.client   : [02db7f5e-743f-4e81-87b2-0cc53ea466c2] RpcClient init, ServerListFactory = com.alibaba.nacos.client.naming.core.ServerListManager
15:54:44:592  INFO 26576 --- [main] com.alibaba.nacos.common.remote.client   : [02db7f5e-743f-4e81-87b2-0cc53ea466c2] Registry connection listener to current client:com.alibaba.nacos.client.naming.remote.gprc.redo.NamingGrpcRedoService
15:54:44:592  INFO 26576 --- [main] com.alibaba.nacos.common.remote.client   : [02db7f5e-743f-4e81-87b2-0cc53ea466c2] Register server push request handler:com.alibaba.nacos.client.naming.remote.gprc.NamingPushRequestHandler
15:54:44:592  INFO 26576 --- [main] com.alibaba.nacos.common.remote.client   : [02db7f5e-743f-4e81-87b2-0cc53ea466c2] Try to connect to server on start up, server: {serverIp = '49.235.47.8', server main port = 8848}
15:54:44:592  INFO 26576 --- [main] c.a.n.c.remote.client.grpc.GrpcClient    : grpc client connection server:49.235.47.8 ip,serverPort:9848,grpcTslConfig:{"sslProvider":"OPENSSL","enableTls":false,"mutualAuthEnable":false,"trustAll":false}
15:54:44:883  INFO 26576 --- [main] com.alibaba.nacos.common.remote.client   : [02db7f5e-743f-4e81-87b2-0cc53ea466c2] Success to connect to server [49.235.47.8:8848] on start up, connectionId = 1733903683949_222.20.193.136_3130
15:54:44:883  INFO 26576 --- [main] com.alibaba.nacos.common.remote.client   : [02db7f5e-743f-4e81-87b2-0cc53ea466c2] Register server push request handler:com.alibaba.nacos.common.remote.client.RpcClient$ConnectResetRequestHandler
15:54:44:883  INFO 26576 --- [main] com.alibaba.nacos.common.remote.client   : [02db7f5e-743f-4e81-87b2-0cc53ea466c2] Register server push request handler:com.alibaba.nacos.common.remote.client.RpcClient$$Lambda$538/0x000001a5814cf928
15:54:44:883  INFO 26576 --- [com.alibaba.nacos.client.remote.worker] com.alibaba.nacos.common.remote.client   : [02db7f5e-743f-4e81-87b2-0cc53ea466c2] Notify connected event to listeners.
15:54:44:883  INFO 26576 --- [com.alibaba.nacos.client.remote.worker] com.alibaba.nacos.client.naming          : Grpc connection connect
15:54:44:884  INFO 26576 --- [main] com.alibaba.nacos.client.naming          : [REGISTER-SERVICE] public registering service video-process with instance Instance{instanceId='null', ip='10.128.130.126', port=40006, weight=1.0, healthy=true, enabled=true, ephemeral=true, clusterName='DEFAULT', serviceName='null', metadata={IPv6=[2001:250:4001:5012:8b1c:3458:cb7a:4f57], preserved.register.source=SPRING_CLOUD}}
15:54:44:948  INFO 26576 --- [main] c.a.c.n.registry.NacosServiceRegistry    : nacos registry, DEFAULT_GROUP video-process 10.128.130.126:40006 register finished
15:54:45:268  INFO 26576 --- [main] com.hotsharp.video.VideoApplication      : Started VideoApplication in 7.88 seconds (process running for 8.635)
15:54:45:272  INFO 26576 --- [main] c.a.nacos.client.config.impl.CacheData   : nacos.cache.data.init.snapshot = true 
15:54:45:272  INFO 26576 --- [main] c.a.n.client.config.impl.ClientWorker    : [fixed-49.235.47.8_8848] [subscribe] video-process-common.yaml+DEFAULT_GROUP
15:54:45:279  INFO 26576 --- [main] c.a.nacos.client.config.impl.CacheData   : [fixed-49.235.47.8_8848] [add-listener] ok, tenant=, dataId=video-process-common.yaml, group=DEFAULT_GROUP, cnt=1
15:54:45:279  INFO 26576 --- [main] c.a.c.n.refresh.NacosContextRefresher    : [Nacos Config] Listening config: dataId=video-process-common.yaml, group=DEFAULT_GROUP
15:54:45:279  INFO 26576 --- [main] c.a.n.client.config.impl.ClientWorker    : [fixed-49.235.47.8_8848] [subscribe] video-process-dev.yaml+DEFAULT_GROUP
15:54:45:279  INFO 26576 --- [main] c.a.nacos.client.config.impl.CacheData   : [fixed-49.235.47.8_8848] [add-listener] ok, tenant=, dataId=video-process-dev.yaml, group=DEFAULT_GROUP, cnt=1
15:54:45:280  INFO 26576 --- [main] c.a.c.n.refresh.NacosContextRefresher    : [Nacos Config] Listening config: dataId=video-process-dev.yaml, group=DEFAULT_GROUP
15:54:45:280  INFO 26576 --- [main] c.a.n.client.config.impl.ClientWorker    : [fixed-49.235.47.8_8848] [subscribe] video-process+DEFAULT_GROUP
15:54:45:280  INFO 26576 --- [main] c.a.nacos.client.config.impl.CacheData   : [fixed-49.235.47.8_8848] [add-listener] ok, tenant=, dataId=video-process, group=DEFAULT_GROUP, cnt=1
15:54:45:280  INFO 26576 --- [main] c.a.c.n.refresh.NacosContextRefresher    : [Nacos Config] Listening config: dataId=video-process, group=DEFAULT_GROUP
15:54:45:280  INFO 26576 --- [main] c.a.n.client.config.impl.ClientWorker    : [fixed-49.235.47.8_8848] [subscribe] video-process.yaml+DEFAULT_GROUP
15:54:45:280  INFO 26576 --- [main] c.a.nacos.client.config.impl.CacheData   : [fixed-49.235.47.8_8848] [add-listener] ok, tenant=, dataId=video-process.yaml, group=DEFAULT_GROUP, cnt=1
15:54:45:280  INFO 26576 --- [main] c.a.c.n.refresh.NacosContextRefresher    : [Nacos Config] Listening config: dataId=video-process.yaml, group=DEFAULT_GROUP
15:54:45:281  INFO 26576 --- [main] com.hotsharp.video.VideoApplication      : ## Video application start successfully!
16:05:47:806  WARN 26576 --- [Thread-7] c.a.nacos.common.notify.NotifyCenter     : [NotifyCenter] Start destroying Publisher
16:05:47:806  WARN 26576 --- [Thread-1] c.a.n.common.http.HttpClientBeanHolder   : [HttpClientBeanHolder] Start destroying common HttpClient
16:05:47:851  WARN 26576 --- [Thread-7] c.a.nacos.common.notify.NotifyCenter     : [NotifyCenter] Destruction of the end
16:05:47:901  WARN 26576 --- [Thread-1] c.a.n.common.http.HttpClientBeanHolder   : [HttpClientBeanHolder] Destruction of the end
16:05:48:416  INFO 26576 --- [SpringApplicationShutdownHook] c.a.c.n.registry.NacosServiceRegistry    : De-registering from Nacos Server now...
16:05:48:419  INFO 26576 --- [SpringApplicationShutdownHook] com.alibaba.nacos.client.naming          : [DEREGISTER-SERVICE] public deregistering service video-process with instance: Instance{instanceId='null', ip='10.128.130.126', port=40006, weight=1.0, healthy=true, enabled=true, ephemeral=true, clusterName='DEFAULT', serviceName='null', metadata={}}
16:05:48:463  INFO 26576 --- [SpringApplicationShutdownHook] c.a.c.n.registry.NacosServiceRegistry    : De-registration finished.
16:05:48:466  INFO 26576 --- [SpringApplicationShutdownHook] com.alibaba.nacos.client.naming          : com.alibaba.nacos.client.naming.cache.ServiceInfoHolder do shutdown begin
16:05:48:467  INFO 26576 --- [SpringApplicationShutdownHook] com.alibaba.nacos.client.naming          : com.alibaba.nacos.client.naming.backups.FailoverReactor do shutdown begin
16:05:48:468  INFO 26576 --- [SpringApplicationShutdownHook] com.alibaba.nacos.client.naming          : com.alibaba.nacos.client.naming.backups.FailoverReactor do shutdown stop
16:05:48:468  INFO 26576 --- [SpringApplicationShutdownHook] com.alibaba.nacos.client.naming          : com.alibaba.nacos.client.naming.cache.ServiceInfoHolder do shutdown stop
16:05:48:469  INFO 26576 --- [SpringApplicationShutdownHook] com.alibaba.nacos.client.naming          : com.alibaba.nacos.client.naming.remote.NamingClientProxyDelegate do shutdown begin
16:05:48:469  INFO 26576 --- [SpringApplicationShutdownHook] com.alibaba.nacos.client.naming          : com.alibaba.nacos.client.naming.core.ServiceInfoUpdateService do shutdown begin
16:05:48:469  INFO 26576 --- [SpringApplicationShutdownHook] com.alibaba.nacos.client.naming          : com.alibaba.nacos.client.naming.core.ServiceInfoUpdateService do shutdown stop
16:05:48:469  INFO 26576 --- [SpringApplicationShutdownHook] com.alibaba.nacos.client.naming          : com.alibaba.nacos.client.naming.core.ServerListManager do shutdown begin
16:05:48:469  WARN 26576 --- [SpringApplicationShutdownHook] com.alibaba.nacos.client.naming          : [NamingHttpClientManager] Start destroying NacosRestTemplate
16:05:48:469  WARN 26576 --- [SpringApplicationShutdownHook] com.alibaba.nacos.client.naming          : [NamingHttpClientManager] Destruction of the end
16:05:48:469  INFO 26576 --- [SpringApplicationShutdownHook] com.alibaba.nacos.client.naming          : com.alibaba.nacos.client.naming.core.ServerListManager do shutdown stop
16:05:48:469  INFO 26576 --- [SpringApplicationShutdownHook] com.alibaba.nacos.client.naming          : com.alibaba.nacos.client.naming.remote.http.NamingHttpClientProxy do shutdown begin
16:05:48:469  WARN 26576 --- [SpringApplicationShutdownHook] com.alibaba.nacos.client.naming          : [NamingHttpClientManager] Start destroying NacosRestTemplate
16:05:48:469  WARN 26576 --- [SpringApplicationShutdownHook] com.alibaba.nacos.client.naming          : [NamingHttpClientManager] Destruction of the end
16:05:48:469  INFO 26576 --- [SpringApplicationShutdownHook] com.alibaba.nacos.client.naming          : com.alibaba.nacos.client.naming.remote.http.NamingHttpClientProxy do shutdown stop
16:05:48:471  INFO 26576 --- [SpringApplicationShutdownHook] com.alibaba.nacos.common.remote.client   : Shutdown rpc client, set status to shutdown
16:05:48:471  INFO 26576 --- [SpringApplicationShutdownHook] com.alibaba.nacos.common.remote.client   : Shutdown client event executor java.util.concurrent.ScheduledThreadPoolExecutor@848b170[Running, pool size = 2, active threads = 2, queued tasks = 0, completed tasks = 0]
16:05:48:472  INFO 26576 --- [SpringApplicationShutdownHook] com.alibaba.nacos.common.remote.client   : Close current connection 1733903683949_222.20.193.136_3130
16:05:48:498  WARN 26576 --- [nacos-grpc-client-executor-49.235.47.8-142] c.a.n.c.remote.client.grpc.GrpcClient    : [1733903683949_222.20.193.136_3130]Ignore error event,isRunning:false,isAbandon=false
16:05:48:513  INFO 26576 --- [SpringApplicationShutdownHook] c.a.n.c.remote.client.grpc.GrpcClient    : Shutdown grpc executor java.util.concurrent.ThreadPoolExecutor@34ba0dfa[Running, pool size = 4, active threads = 0, queued tasks = 0, completed tasks = 143]
16:05:48:513  INFO 26576 --- [SpringApplicationShutdownHook] com.alibaba.nacos.client.naming          : Shutdown grpc redo service executor java.util.concurrent.ScheduledThreadPoolExecutor@3b7ddc60[Running, pool size = 1, active threads = 0, queued tasks = 1, completed tasks = 221]
16:05:48:514  INFO 26576 --- [SpringApplicationShutdownHook] c.a.n.c.a.r.identify.CredentialWatcher   : [null] CredentialWatcher is stopped
16:05:48:514  INFO 26576 --- [SpringApplicationShutdownHook] c.a.n.c.a.r.identify.CredentialService   : [null] CredentialService is freed
16:05:48:514  INFO 26576 --- [SpringApplicationShutdownHook] com.alibaba.nacos.client.naming          : com.alibaba.nacos.client.naming.remote.NamingClientProxyDelegate do shutdown stop
16:05:48:521  INFO 26576 --- [com.alibaba.nacos.client.Worker] c.a.n.c.a.r.identify.CredentialWatcher   : null No credential found
22:29:26:582  WARN 35472 --- [main] c.a.nacos.client.logging.NacosLogging    : Load Logback Configuration of Nacos fail, message: Could not initialize Logback Nacos logging from classpath:nacos-logback.xml
22:29:26:585  INFO 35472 --- [main] com.hotsharp.video.VideoApplication      : The following 2 profiles are active: "common", "dev"
22:29:27:618  INFO 35472 --- [main] .s.d.r.c.RepositoryConfigurationDelegate : Multiple Spring Data modules found, entering strict repository configuration mode
22:29:27:623  INFO 35472 --- [main] .s.d.r.c.RepositoryConfigurationDelegate : Bootstrapping Spring Data Redis repositories in DEFAULT mode.
22:29:27:655  INFO 35472 --- [main] .s.d.r.c.RepositoryConfigurationDelegate : Finished Spring Data repository scanning in 12 ms. Found 0 Redis repository interfaces.
22:29:28:020  INFO 35472 --- [main] o.s.cloud.context.scope.GenericScope     : BeanFactory id=758b2ac1-cef8-3ea7-b3d4-2c970f40476f
22:29:28:134  INFO 35472 --- [main] trationDelegate$BeanPostProcessorChecker : Bean 'com.hotsharp.api.client.FavoriteClient' of type [org.springframework.cloud.openfeign.FeignClientFactoryBean] is not eligible for getting processed by all BeanPostProcessors (for example: not eligible for auto-proxying)
22:29:28:137  INFO 35472 --- [main] trationDelegate$BeanPostProcessorChecker : Bean 'com.hotsharp.api.client.MessageClient' of type [org.springframework.cloud.openfeign.FeignClientFactoryBean] is not eligible for getting processed by all BeanPostProcessors (for example: not eligible for auto-proxying)
22:29:28:139  INFO 35472 --- [main] trationDelegate$BeanPostProcessorChecker : Bean 'com.hotsharp.api.client.UserClient' of type [org.springframework.cloud.openfeign.FeignClientFactoryBean] is not eligible for getting processed by all BeanPostProcessors (for example: not eligible for auto-proxying)
22:29:28:160  INFO 35472 --- [main] trationDelegate$BeanPostProcessorChecker : Bean 'com.hotsharp.api.client.VideoClient' of type [org.springframework.cloud.openfeign.FeignClientFactoryBean] is not eligible for getting processed by all BeanPostProcessors (for example: not eligible for auto-proxying)
22:29:29:073  INFO 35472 --- [main] o.s.b.w.embedded.tomcat.TomcatWebServer  : Tomcat initialized with port(s): 40006 (http)
22:29:29:074  INFO 35472 --- [main] o.a.catalina.core.AprLifecycleListener   : An older version [1.2.35] of the Apache Tomcat Native library is installed, while Tomcat recommends a minimum version of [2.0.5]
22:29:29:075  INFO 35472 --- [main] o.a.catalina.core.AprLifecycleListener   : Loaded Apache Tomcat Native library [1.2.35] using APR version [1.7.0].
22:29:29:107  INFO 35472 --- [main] o.a.catalina.core.AprLifecycleListener   : OpenSSL successfully initialized [OpenSSL 1.1.1q  5 Jul 2022]
22:29:29:121  INFO 35472 --- [main] o.apache.catalina.core.StandardService   : Starting service [Tomcat]
22:29:29:122  INFO 35472 --- [main] o.apache.catalina.core.StandardEngine    : Starting Servlet engine: [Apache Tomcat/10.1.13]
22:29:29:230  INFO 35472 --- [main] o.a.c.c.C.[Tomcat].[localhost].[/]       : Initializing Spring embedded WebApplicationContext
22:29:29:231  INFO 35472 --- [main] w.s.c.ServletWebServerApplicationContext : Root WebApplicationContext: initialization completed in 2616 ms
22:29:29:304  WARN 35472 --- [main] ConfigServletWebServerApplicationContext : Exception encountered during context initialization - cancelling refresh attempt: org.springframework.beans.factory.BeanCreationException: Error creating bean with name 'redisConfig': Injection of autowired dependencies failed
22:29:29:305  INFO 35472 --- [main] o.apache.catalina.core.StandardService   : Stopping service [Tomcat]
22:29:29:335  INFO 35472 --- [main] .s.b.a.l.ConditionEvaluationReportLogger : 

Error starting ApplicationContext. To display the condition evaluation report re-run your application with 'debug' enabled.
22:29:29:357 ERROR 35472 --- [main] o.s.boot.SpringApplication               : Application run failed

org.springframework.beans.factory.BeanCreationException: Error creating bean with name 'redisConfig': Injection of autowired dependencies failed
	at org.springframework.beans.factory.annotation.AutowiredAnnotationBeanPostProcessor.postProcessProperties(AutowiredAnnotationBeanPostProcessor.java:498) ~[spring-beans-6.0.12.jar:6.0.12]
	at org.springframework.beans.factory.support.AbstractAutowireCapableBeanFactory.populateBean(AbstractAutowireCapableBeanFactory.java:1416) ~[spring-beans-6.0.12.jar:6.0.12]
	at org.springframework.beans.factory.support.AbstractAutowireCapableBeanFactory.doCreateBean(AbstractAutowireCapableBeanFactory.java:597) ~[spring-beans-6.0.12.jar:6.0.12]
	at org.springframework.beans.factory.support.AbstractAutowireCapableBeanFactory.createBean(AbstractAutowireCapableBeanFactory.java:520) ~[spring-beans-6.0.12.jar:6.0.12]
	at org.springframework.beans.factory.support.AbstractBeanFactory.lambda$doGetBean$0(AbstractBeanFactory.java:325) ~[spring-beans-6.0.12.jar:6.0.12]
	at org.springframework.beans.factory.support.DefaultSingletonBeanRegistry.getSingleton(DefaultSingletonBeanRegistry.java:234) ~[spring-beans-6.0.12.jar:6.0.12]
	at org.springframework.beans.factory.support.AbstractBeanFactory.doGetBean(AbstractBeanFactory.java:323) ~[spring-beans-6.0.12.jar:6.0.12]
	at org.springframework.beans.factory.support.AbstractBeanFactory.getBean(AbstractBeanFactory.java:199) ~[spring-beans-6.0.12.jar:6.0.12]
	at org.springframework.beans.factory.support.DefaultListableBeanFactory.preInstantiateSingletons(DefaultListableBeanFactory.java:973) ~[spring-beans-6.0.12.jar:6.0.12]
	at org.springframework.context.support.AbstractApplicationContext.finishBeanFactoryInitialization(AbstractApplicationContext.java:942) ~[spring-context-6.0.12.jar:6.0.12]
	at org.springframework.context.support.AbstractApplicationContext.refresh(AbstractApplicationContext.java:608) ~[spring-context-6.0.12.jar:6.0.12]
	at org.springframework.boot.web.servlet.context.ServletWebServerApplicationContext.refresh(ServletWebServerApplicationContext.java:146) ~[spring-boot-3.1.4.jar:3.1.4]
	at org.springframework.boot.SpringApplication.refresh(SpringApplication.java:737) ~[spring-boot-3.1.4.jar:3.1.4]
	at org.springframework.boot.SpringApplication.refreshContext(SpringApplication.java:439) ~[spring-boot-3.1.4.jar:3.1.4]
	at org.springframework.boot.SpringApplication.run(SpringApplication.java:315) ~[spring-boot-3.1.4.jar:3.1.4]
	at org.springframework.boot.SpringApplication.run(SpringApplication.java:1309) ~[spring-boot-3.1.4.jar:3.1.4]
	at org.springframework.boot.SpringApplication.run(SpringApplication.java:1298) ~[spring-boot-3.1.4.jar:3.1.4]
	at com.hotsharp.video.VideoApplication.main(VideoApplication.java:19) ~[classes/:na]
Caused by: java.lang.IllegalArgumentException: Could not resolve placeholder 'spring.data.redis.host' in value "${spring.data.redis.host}"
	at org.springframework.util.PropertyPlaceholderHelper.parseStringValue(PropertyPlaceholderHelper.java:180) ~[spring-core-6.0.12.jar:6.0.12]
	at org.springframework.util.PropertyPlaceholderHelper.replacePlaceholders(PropertyPlaceholderHelper.java:126) ~[spring-core-6.0.12.jar:6.0.12]
	at org.springframework.core.env.AbstractPropertyResolver.doResolvePlaceholders(AbstractPropertyResolver.java:239) ~[spring-core-6.0.12.jar:6.0.12]
	at org.springframework.core.env.AbstractPropertyResolver.resolveRequiredPlaceholders(AbstractPropertyResolver.java:210) ~[spring-core-6.0.12.jar:6.0.12]
	at org.springframework.context.support.PropertySourcesPlaceholderConfigurer.lambda$processProperties$0(PropertySourcesPlaceholderConfigurer.java:200) ~[spring-context-6.0.12.jar:6.0.12]
	at org.springframework.beans.factory.support.AbstractBeanFactory.resolveEmbeddedValue(AbstractBeanFactory.java:918) ~[spring-beans-6.0.12.jar:6.0.12]
	at org.springframework.beans.factory.support.DefaultListableBeanFactory.doResolveDependency(DefaultListableBeanFactory.java:1358) ~[spring-beans-6.0.12.jar:6.0.12]
	at org.springframework.beans.factory.support.DefaultListableBeanFactory.resolveDependency(DefaultListableBeanFactory.java:1337) ~[spring-beans-6.0.12.jar:6.0.12]
	at org.springframework.beans.factory.annotation.AutowiredAnnotationBeanPostProcessor$AutowiredFieldElement.resolveFieldValue(AutowiredAnnotationBeanPostProcessor.java:764) ~[spring-beans-6.0.12.jar:6.0.12]
	at org.springframework.beans.factory.annotation.AutowiredAnnotationBeanPostProcessor$AutowiredFieldElement.inject(AutowiredAnnotationBeanPostProcessor.java:747) ~[spring-beans-6.0.12.jar:6.0.12]
	at org.springframework.beans.factory.annotation.InjectionMetadata.inject(InjectionMetadata.java:145) ~[spring-beans-6.0.12.jar:6.0.12]
	at org.springframework.beans.factory.annotation.AutowiredAnnotationBeanPostProcessor.postProcessProperties(AutowiredAnnotationBeanPostProcessor.java:492) ~[spring-beans-6.0.12.jar:6.0.12]
	... 17 common frames omitted

22:29:29:364  WARN 35472 --- [Thread-1] c.a.n.common.http.HttpClientBeanHolder   : [HttpClientBeanHolder] Start destroying common HttpClient
22:29:29:363  WARN 35472 --- [Thread-7] c.a.nacos.common.notify.NotifyCenter     : [NotifyCenter] Start destroying Publisher
22:29:29:364  WARN 35472 --- [Thread-1] c.a.n.common.http.HttpClientBeanHolder   : [HttpClientBeanHolder] Destruction of the end
22:29:29:364  WARN 35472 --- [Thread-7] c.a.nacos.common.notify.NotifyCenter     : [NotifyCenter] Destruction of the end
22:32:21:949  WARN 36840 --- [main] c.a.nacos.client.logging.NacosLogging    : Load Logback Configuration of Nacos fail, message: Could not initialize Logback Nacos logging from classpath:nacos-logback.xml
22:32:21:962  INFO 36840 --- [main] com.hotsharp.video.VideoApplication      : The following 2 profiles are active: "common", "dev"
22:32:22:882  INFO 36840 --- [main] .s.d.r.c.RepositoryConfigurationDelegate : Multiple Spring Data modules found, entering strict repository configuration mode
22:32:22:886  INFO 36840 --- [main] .s.d.r.c.RepositoryConfigurationDelegate : Bootstrapping Spring Data Redis repositories in DEFAULT mode.
22:32:22:916  INFO 36840 --- [main] .s.d.r.c.RepositoryConfigurationDelegate : Finished Spring Data repository scanning in 14 ms. Found 0 Redis repository interfaces.
22:32:23:269  INFO 36840 --- [main] o.s.cloud.context.scope.GenericScope     : BeanFactory id=618b5ec8-f83a-35f7-a21b-74d059f3a69f
22:32:23:370  INFO 36840 --- [main] trationDelegate$BeanPostProcessorChecker : Bean 'com.hotsharp.api.client.FavoriteClient' of type [org.springframework.cloud.openfeign.FeignClientFactoryBean] is not eligible for getting processed by all BeanPostProcessors (for example: not eligible for auto-proxying)
22:32:23:373  INFO 36840 --- [main] trationDelegate$BeanPostProcessorChecker : Bean 'com.hotsharp.api.client.MessageClient' of type [org.springframework.cloud.openfeign.FeignClientFactoryBean] is not eligible for getting processed by all BeanPostProcessors (for example: not eligible for auto-proxying)
22:32:23:375  INFO 36840 --- [main] trationDelegate$BeanPostProcessorChecker : Bean 'com.hotsharp.api.client.UserClient' of type [org.springframework.cloud.openfeign.FeignClientFactoryBean] is not eligible for getting processed by all BeanPostProcessors (for example: not eligible for auto-proxying)
22:32:23:376  INFO 36840 --- [main] trationDelegate$BeanPostProcessorChecker : Bean 'com.hotsharp.api.client.VideoClient' of type [org.springframework.cloud.openfeign.FeignClientFactoryBean] is not eligible for getting processed by all BeanPostProcessors (for example: not eligible for auto-proxying)
22:32:23:882  INFO 36840 --- [main] o.s.b.w.embedded.tomcat.TomcatWebServer  : Tomcat initialized with port(s): 40006 (http)
22:32:23:884  INFO 36840 --- [main] o.a.catalina.core.AprLifecycleListener   : An older version [1.2.35] of the Apache Tomcat Native library is installed, while Tomcat recommends a minimum version of [2.0.5]
22:32:23:885  INFO 36840 --- [main] o.a.catalina.core.AprLifecycleListener   : Loaded Apache Tomcat Native library [1.2.35] using APR version [1.7.0].
22:32:23:889  INFO 36840 --- [main] o.a.catalina.core.AprLifecycleListener   : OpenSSL successfully initialized [OpenSSL 1.1.1q  5 Jul 2022]
22:32:23:901  INFO 36840 --- [main] o.apache.catalina.core.StandardService   : Starting service [Tomcat]
22:32:23:902  INFO 36840 --- [main] o.apache.catalina.core.StandardEngine    : Starting Servlet engine: [Apache Tomcat/10.1.13]
22:32:24:029  INFO 36840 --- [main] o.a.c.c.C.[Tomcat].[localhost].[/]       : Initializing Spring embedded WebApplicationContext
22:32:24:030  INFO 36840 --- [main] w.s.c.ServletWebServerApplicationContext : Root WebApplicationContext: initialization completed in 2020 ms
22:32:24:895  WARN 36840 --- [main] c.b.m.core.metadata.TableInfoHelper      : Can not find table primary key in Class: "com.hotsharp.video.pojo.entity.Category".
22:32:24:903  WARN 36840 --- [main] c.b.m.core.injector.DefaultSqlInjector   : class com.hotsharp.video.pojo.entity.Category ,Not found @TableId annotation, Cannot use Mybatis-Plus 'xxById' Method.
22:32:25:054  WARN 36840 --- [main] c.b.m.core.metadata.TableInfoHelper      : Can not find table primary key in Class: "com.hotsharp.video.pojo.entity.VideoStatus".
22:32:25:054  WARN 36840 --- [main] c.b.m.core.injector.DefaultSqlInjector   : class com.hotsharp.video.pojo.entity.VideoStatus ,Not found @TableId annotation, Cannot use Mybatis-Plus 'xxById' Method.
22:32:25:701  WARN 36840 --- [main] ConfigServletWebServerApplicationContext : Exception encountered during context initialization - cancelling refresh attempt: org.springframework.beans.factory.BeanCreationException: Error creating bean with name 'videoController': Injection of resource dependencies failed
22:32:25:706  INFO 36840 --- [main] o.apache.catalina.core.StandardService   : Stopping service [Tomcat]
22:32:25:724  INFO 36840 --- [main] .s.b.a.l.ConditionEvaluationReportLogger : 

Error starting ApplicationContext. To display the condition evaluation report re-run your application with 'debug' enabled.
22:32:25:756 ERROR 36840 --- [main] o.s.b.d.LoggingFailureAnalysisReporter   : 

***************************
APPLICATION FAILED TO START
***************************

Description:

A component required a bean of type 'com.hotsharp.common.utils.UserContext' that could not be found.


Action:

Consider defining a bean of type 'com.hotsharp.common.utils.UserContext' in your configuration.

22:32:25:758  WARN 36840 --- [Thread-7] c.a.nacos.common.notify.NotifyCenter     : [NotifyCenter] Start destroying Publisher
22:32:25:758  WARN 36840 --- [Thread-7] c.a.nacos.common.notify.NotifyCenter     : [NotifyCenter] Destruction of the end
22:32:25:759  WARN 36840 --- [Thread-1] c.a.n.common.http.HttpClientBeanHolder   : [HttpClientBeanHolder] Start destroying common HttpClient
22:32:25:759  WARN 36840 --- [Thread-1] c.a.n.common.http.HttpClientBeanHolder   : [HttpClientBeanHolder] Destruction of the end
22:34:03:845  WARN 18444 --- [main] c.a.nacos.client.logging.NacosLogging    : Load Logback Configuration of Nacos fail, message: Could not initialize Logback Nacos logging from classpath:nacos-logback.xml
22:34:03:866  INFO 18444 --- [main] com.hotsharp.video.VideoApplication      : The following 2 profiles are active: "common", "dev"
22:34:04:855  INFO 18444 --- [main] .s.d.r.c.RepositoryConfigurationDelegate : Multiple Spring Data modules found, entering strict repository configuration mode
22:34:04:861  INFO 18444 --- [main] .s.d.r.c.RepositoryConfigurationDelegate : Bootstrapping Spring Data Redis repositories in DEFAULT mode.
22:34:04:894  INFO 18444 --- [main] .s.d.r.c.RepositoryConfigurationDelegate : Finished Spring Data repository scanning in 13 ms. Found 0 Redis repository interfaces.
22:34:05:289  INFO 18444 --- [main] o.s.cloud.context.scope.GenericScope     : BeanFactory id=618b5ec8-f83a-35f7-a21b-74d059f3a69f
22:34:05:384  INFO 18444 --- [main] trationDelegate$BeanPostProcessorChecker : Bean 'com.hotsharp.api.client.FavoriteClient' of type [org.springframework.cloud.openfeign.FeignClientFactoryBean] is not eligible for getting processed by all BeanPostProcessors (for example: not eligible for auto-proxying)
22:34:05:386  INFO 18444 --- [main] trationDelegate$BeanPostProcessorChecker : Bean 'com.hotsharp.api.client.MessageClient' of type [org.springframework.cloud.openfeign.FeignClientFactoryBean] is not eligible for getting processed by all BeanPostProcessors (for example: not eligible for auto-proxying)
22:34:05:388  INFO 18444 --- [main] trationDelegate$BeanPostProcessorChecker : Bean 'com.hotsharp.api.client.UserClient' of type [org.springframework.cloud.openfeign.FeignClientFactoryBean] is not eligible for getting processed by all BeanPostProcessors (for example: not eligible for auto-proxying)
22:34:05:390  INFO 18444 --- [main] trationDelegate$BeanPostProcessorChecker : Bean 'com.hotsharp.api.client.VideoClient' of type [org.springframework.cloud.openfeign.FeignClientFactoryBean] is not eligible for getting processed by all BeanPostProcessors (for example: not eligible for auto-proxying)
22:34:05:934  INFO 18444 --- [main] o.s.b.w.embedded.tomcat.TomcatWebServer  : Tomcat initialized with port(s): 40006 (http)
22:34:05:935  INFO 18444 --- [main] o.a.catalina.core.AprLifecycleListener   : An older version [1.2.35] of the Apache Tomcat Native library is installed, while Tomcat recommends a minimum version of [2.0.5]
22:34:05:936  INFO 18444 --- [main] o.a.catalina.core.AprLifecycleListener   : Loaded Apache Tomcat Native library [1.2.35] using APR version [1.7.0].
22:34:05:939  INFO 18444 --- [main] o.a.catalina.core.AprLifecycleListener   : OpenSSL successfully initialized [OpenSSL 1.1.1q  5 Jul 2022]
22:34:05:950  INFO 18444 --- [main] o.apache.catalina.core.StandardService   : Starting service [Tomcat]
22:34:05:950  INFO 18444 --- [main] o.apache.catalina.core.StandardEngine    : Starting Servlet engine: [Apache Tomcat/10.1.13]
22:34:06:079  INFO 18444 --- [main] o.a.c.c.C.[Tomcat].[localhost].[/]       : Initializing Spring embedded WebApplicationContext
22:34:06:080  INFO 18444 --- [main] w.s.c.ServletWebServerApplicationContext : Root WebApplicationContext: initialization completed in 2187 ms
22:34:06:980  WARN 18444 --- [main] c.b.m.core.metadata.TableInfoHelper      : Can not find table primary key in Class: "com.hotsharp.video.pojo.entity.Category".
22:34:06:989  WARN 18444 --- [main] c.b.m.core.injector.DefaultSqlInjector   : class com.hotsharp.video.pojo.entity.Category ,Not found @TableId annotation, Cannot use Mybatis-Plus 'xxById' Method.
22:34:07:128  WARN 18444 --- [main] c.b.m.core.metadata.TableInfoHelper      : Can not find table primary key in Class: "com.hotsharp.video.pojo.entity.VideoStatus".
22:34:07:128  WARN 18444 --- [main] c.b.m.core.injector.DefaultSqlInjector   : class com.hotsharp.video.pojo.entity.VideoStatus ,Not found @TableId annotation, Cannot use Mybatis-Plus 'xxById' Method.
22:34:10:544  INFO 18444 --- [main] o.s.b.w.embedded.tomcat.TomcatWebServer  : Tomcat started on port(s): 40006 (http) with context path ''
22:34:10:549  INFO 18444 --- [main] com.alibaba.nacos.client.naming          : initializer namespace from ans.namespace attribute : null
22:34:10:550  INFO 18444 --- [main] com.alibaba.nacos.client.naming          : initializer namespace from ALIBABA_ALIWARE_NAMESPACE attribute :null
22:34:10:550  INFO 18444 --- [main] com.alibaba.nacos.client.naming          : initializer namespace from namespace attribute :null
22:34:10:562  INFO 18444 --- [main] c.a.n.p.a.s.c.ClientAuthPluginManager    : [ClientAuthPluginManager] Load ClientAuthService com.alibaba.nacos.client.auth.impl.NacosClientAuthServiceImpl success.
22:34:10:562  INFO 18444 --- [main] c.a.n.p.a.s.c.ClientAuthPluginManager    : [ClientAuthPluginManager] Load ClientAuthService com.alibaba.nacos.client.auth.ram.RamClientAuthServiceImpl success.
22:34:10:567  INFO 18444 --- [main] com.alibaba.nacos.common.remote.client   : [RpcClientFactory] create a new rpc client of 911751fb-e4bd-4985-9c18-9cebab8b698d
22:34:10:569  INFO 18444 --- [main] com.alibaba.nacos.common.remote.client   : [911751fb-e4bd-4985-9c18-9cebab8b698d] RpcClient init, ServerListFactory = com.alibaba.nacos.client.naming.core.ServerListManager
22:34:10:569  INFO 18444 --- [main] com.alibaba.nacos.common.remote.client   : [911751fb-e4bd-4985-9c18-9cebab8b698d] Registry connection listener to current client:com.alibaba.nacos.client.naming.remote.gprc.redo.NamingGrpcRedoService
22:34:10:570  INFO 18444 --- [main] com.alibaba.nacos.common.remote.client   : [911751fb-e4bd-4985-9c18-9cebab8b698d] Register server push request handler:com.alibaba.nacos.client.naming.remote.gprc.NamingPushRequestHandler
22:34:10:571  INFO 18444 --- [main] com.alibaba.nacos.common.remote.client   : [911751fb-e4bd-4985-9c18-9cebab8b698d] Try to connect to server on start up, server: {serverIp = '49.235.47.8', server main port = 8848}
22:34:10:571  INFO 18444 --- [main] c.a.n.c.remote.client.grpc.GrpcClient    : grpc client connection server:49.235.47.8 ip,serverPort:9848,grpcTslConfig:{"sslProvider":"OPENSSL","enableTls":false,"mutualAuthEnable":false,"trustAll":false}
22:34:10:791  INFO 18444 --- [main] com.alibaba.nacos.common.remote.client   : [911751fb-e4bd-4985-9c18-9cebab8b698d] Success to connect to server [49.235.47.8:8848] on start up, connectionId = 1733927651104_222.20.193.13_5036
22:34:10:793  INFO 18444 --- [com.alibaba.nacos.client.remote.worker] com.alibaba.nacos.common.remote.client   : [911751fb-e4bd-4985-9c18-9cebab8b698d] Notify connected event to listeners.
22:34:10:793  INFO 18444 --- [com.alibaba.nacos.client.remote.worker] com.alibaba.nacos.client.naming          : Grpc connection connect
22:34:10:794  INFO 18444 --- [main] com.alibaba.nacos.common.remote.client   : [911751fb-e4bd-4985-9c18-9cebab8b698d] Register server push request handler:com.alibaba.nacos.common.remote.client.RpcClient$ConnectResetRequestHandler
22:34:10:794  INFO 18444 --- [main] com.alibaba.nacos.common.remote.client   : [911751fb-e4bd-4985-9c18-9cebab8b698d] Register server push request handler:com.alibaba.nacos.common.remote.client.RpcClient$$Lambda$538/0x00000245914e0000
22:34:10:801  INFO 18444 --- [main] com.alibaba.nacos.client.naming          : [REGISTER-SERVICE] b62f0c48-d9bd-4496-aaf4-4f380dfbe1ee registering service video-process with instance Instance{instanceId='null', ip='10.133.243.151', port=40006, weight=1.0, healthy=true, enabled=true, ephemeral=true, clusterName='DEFAULT', serviceName='null', metadata={IPv6=null, preserved.register.source=SPRING_CLOUD}}
22:34:10:867  INFO 18444 --- [main] c.a.c.n.registry.NacosServiceRegistry    : nacos registry, DEFAULT_GROUP video-process 10.133.243.151:40006 register finished
22:34:11:409  INFO 18444 --- [main] com.hotsharp.video.VideoApplication      : Started VideoApplication in 12.404 seconds (process running for 13.561)
22:34:11:414  INFO 18444 --- [main] c.a.nacos.client.config.impl.CacheData   : nacos.cache.data.init.snapshot = true 
22:34:11:414  INFO 18444 --- [main] c.a.n.client.config.impl.ClientWorker    : [fixed-49.235.47.8_8848] [subscribe] video-process-common.yaml+DEFAULT_GROUP
22:34:11:427  INFO 18444 --- [main] c.a.nacos.client.config.impl.CacheData   : [fixed-49.235.47.8_8848] [add-listener] ok, tenant=, dataId=video-process-common.yaml, group=DEFAULT_GROUP, cnt=1
22:34:11:446  INFO 18444 --- [main] c.a.c.n.refresh.NacosContextRefresher    : [Nacos Config] Listening config: dataId=video-process-common.yaml, group=DEFAULT_GROUP
22:34:11:451  INFO 18444 --- [main] c.a.n.client.config.impl.ClientWorker    : [fixed-49.235.47.8_8848] [subscribe] video-process-dev.yaml+DEFAULT_GROUP
22:34:11:451  INFO 18444 --- [main] c.a.nacos.client.config.impl.CacheData   : [fixed-49.235.47.8_8848] [add-listener] ok, tenant=, dataId=video-process-dev.yaml, group=DEFAULT_GROUP, cnt=1
22:34:11:451  INFO 18444 --- [main] c.a.c.n.refresh.NacosContextRefresher    : [Nacos Config] Listening config: dataId=video-process-dev.yaml, group=DEFAULT_GROUP
22:34:11:452  INFO 18444 --- [main] c.a.n.client.config.impl.ClientWorker    : [fixed-49.235.47.8_8848] [subscribe] video-process+DEFAULT_GROUP
22:34:11:452  INFO 18444 --- [main] c.a.nacos.client.config.impl.CacheData   : [fixed-49.235.47.8_8848] [add-listener] ok, tenant=, dataId=video-process, group=DEFAULT_GROUP, cnt=1
22:34:11:452  INFO 18444 --- [main] c.a.c.n.refresh.NacosContextRefresher    : [Nacos Config] Listening config: dataId=video-process, group=DEFAULT_GROUP
22:34:11:453  INFO 18444 --- [main] c.a.n.client.config.impl.ClientWorker    : [fixed-49.235.47.8_8848] [subscribe] video-process.yaml+DEFAULT_GROUP
22:34:11:453  INFO 18444 --- [main] c.a.nacos.client.config.impl.CacheData   : [fixed-49.235.47.8_8848] [add-listener] ok, tenant=, dataId=video-process.yaml, group=DEFAULT_GROUP, cnt=1
22:34:11:453  INFO 18444 --- [main] c.a.c.n.refresh.NacosContextRefresher    : [Nacos Config] Listening config: dataId=video-process.yaml, group=DEFAULT_GROUP
22:34:11:455  INFO 18444 --- [main] com.hotsharp.video.VideoApplication      : ## Video application start successfully!
22:34:19:286  WARN 18444 --- [Thread-7] c.a.nacos.common.notify.NotifyCenter     : [NotifyCenter] Start destroying Publisher
22:34:19:289  WARN 18444 --- [Thread-7] c.a.nacos.common.notify.NotifyCenter     : [NotifyCenter] Destruction of the end
22:34:19:287  WARN 18444 --- [Thread-1] c.a.n.common.http.HttpClientBeanHolder   : [HttpClientBeanHolder] Start destroying common HttpClient
22:34:19:291  WARN 18444 --- [Thread-1] c.a.n.common.http.HttpClientBeanHolder   : [HttpClientBeanHolder] Destruction of the end
22:34:19:367  INFO 18444 --- [SpringApplicationShutdownHook] c.a.c.n.registry.NacosServiceRegistry    : De-registering from Nacos Server now...
22:34:19:367  INFO 18444 --- [SpringApplicationShutdownHook] com.alibaba.nacos.client.naming          : [DEREGISTER-SERVICE] b62f0c48-d9bd-4496-aaf4-4f380dfbe1ee deregistering service video-process with instance: Instance{instanceId='null', ip='10.133.243.151', port=40006, weight=1.0, healthy=true, enabled=true, ephemeral=true, clusterName='DEFAULT', serviceName='null', metadata={}}
22:34:19:425  INFO 18444 --- [SpringApplicationShutdownHook] c.a.c.n.registry.NacosServiceRegistry    : De-registration finished.
22:34:19:426  INFO 18444 --- [SpringApplicationShutdownHook] com.alibaba.nacos.client.naming          : com.alibaba.nacos.client.naming.cache.ServiceInfoHolder do shutdown begin
22:34:19:426  INFO 18444 --- [SpringApplicationShutdownHook] com.alibaba.nacos.client.naming          : com.alibaba.nacos.client.naming.backups.FailoverReactor do shutdown begin
22:34:19:574  INFO 18444 --- [com.alibaba.nacos.client.naming.grpc.redo.0] com.alibaba.nacos.client.naming          : Redo instance operation REMOVE for DEFAULT_GROUP@@video-process
22:34:19:730  INFO 18444 --- [SpringApplicationShutdownHook] com.alibaba.nacos.client.naming          : com.alibaba.nacos.client.naming.backups.FailoverReactor do shutdown stop
22:34:19:731  INFO 18444 --- [SpringApplicationShutdownHook] com.alibaba.nacos.client.naming          : com.alibaba.nacos.client.naming.cache.ServiceInfoHolder do shutdown stop
22:34:19:731  INFO 18444 --- [SpringApplicationShutdownHook] com.alibaba.nacos.client.naming          : com.alibaba.nacos.client.naming.remote.NamingClientProxyDelegate do shutdown begin
22:34:19:733  INFO 18444 --- [SpringApplicationShutdownHook] com.alibaba.nacos.client.naming          : com.alibaba.nacos.client.naming.core.ServiceInfoUpdateService do shutdown begin
22:34:19:733  INFO 18444 --- [SpringApplicationShutdownHook] com.alibaba.nacos.client.naming          : com.alibaba.nacos.client.naming.core.ServiceInfoUpdateService do shutdown stop
22:34:19:733  INFO 18444 --- [SpringApplicationShutdownHook] com.alibaba.nacos.client.naming          : com.alibaba.nacos.client.naming.core.ServerListManager do shutdown begin
22:34:19:733  WARN 18444 --- [SpringApplicationShutdownHook] com.alibaba.nacos.client.naming          : [NamingHttpClientManager] Start destroying NacosRestTemplate
22:34:19:733  WARN 18444 --- [SpringApplicationShutdownHook] com.alibaba.nacos.client.naming          : [NamingHttpClientManager] Destruction of the end
22:34:19:733  INFO 18444 --- [SpringApplicationShutdownHook] com.alibaba.nacos.client.naming          : com.alibaba.nacos.client.naming.core.ServerListManager do shutdown stop
22:34:19:734  INFO 18444 --- [SpringApplicationShutdownHook] com.alibaba.nacos.client.naming          : com.alibaba.nacos.client.naming.remote.http.NamingHttpClientProxy do shutdown begin
22:34:19:734  WARN 18444 --- [SpringApplicationShutdownHook] com.alibaba.nacos.client.naming          : [NamingHttpClientManager] Start destroying NacosRestTemplate
22:34:19:734  WARN 18444 --- [SpringApplicationShutdownHook] com.alibaba.nacos.client.naming          : [NamingHttpClientManager] Destruction of the end
22:34:19:734  INFO 18444 --- [SpringApplicationShutdownHook] com.alibaba.nacos.client.naming          : com.alibaba.nacos.client.naming.remote.http.NamingHttpClientProxy do shutdown stop
22:34:19:734  INFO 18444 --- [SpringApplicationShutdownHook] com.alibaba.nacos.common.remote.client   : Shutdown rpc client, set status to shutdown
22:34:19:734  INFO 18444 --- [SpringApplicationShutdownHook] com.alibaba.nacos.common.remote.client   : Shutdown client event executor java.util.concurrent.ScheduledThreadPoolExecutor@5ba6b60c[Running, pool size = 2, active threads = 2, queued tasks = 0, completed tasks = 0]
22:34:19:735  INFO 18444 --- [SpringApplicationShutdownHook] com.alibaba.nacos.common.remote.client   : Close current connection 1733927651104_222.20.193.13_5036
22:34:19:744  WARN 18444 --- [nacos-grpc-client-executor-49.235.47.8-7] c.a.n.c.remote.client.grpc.GrpcClient    : [1733927651104_222.20.193.13_5036]Ignore error event,isRunning:false,isAbandon=false
22:34:19:753  INFO 18444 --- [SpringApplicationShutdownHook] c.a.n.c.remote.client.grpc.GrpcClient    : Shutdown grpc executor java.util.concurrent.ThreadPoolExecutor@36220a27[Running, pool size = 8, active threads = 0, queued tasks = 0, completed tasks = 8]
22:34:19:755  INFO 18444 --- [SpringApplicationShutdownHook] com.alibaba.nacos.client.naming          : Shutdown grpc redo service executor java.util.concurrent.ScheduledThreadPoolExecutor@11054ea[Running, pool size = 1, active threads = 0, queued tasks = 1, completed tasks = 3]
22:34:19:764  INFO 18444 --- [SpringApplicationShutdownHook] c.a.n.c.a.r.identify.CredentialWatcher   : [null] CredentialWatcher is stopped
22:34:19:764  INFO 18444 --- [SpringApplicationShutdownHook] c.a.n.c.a.r.identify.CredentialService   : [null] CredentialService is freed
22:34:19:765  INFO 18444 --- [SpringApplicationShutdownHook] com.alibaba.nacos.client.naming          : com.alibaba.nacos.client.naming.remote.NamingClientProxyDelegate do shutdown stop
